{"meta": {"format": 3, "version": "7.12.0", "timestamp": "2025-12-11T07:40:52.999538", "branch_coverage": false, "show_contexts": false}, "files": {"backend/__init__.py": {"executed_lines": [0], "summary": {"covered_lines": 0, "num_statements": 0, "percent_covered": 100.0, "percent_covered_display": "100", "missing_lines": 0, "excluded_lines": 0, "percent_statements_covered": 100.0, "percent_statements_covered_display": "100"}, "missing_lines": [], "excluded_lines": [], "functions": {"": {"executed_lines": [], "summary": {"covered_lines": 0, "num_statements": 0, "percent_covered": 100.0, "percent_covered_display": "100", "missing_lines": 0, "excluded_lines": 0, "percent_statements_covered": 100.0, "percent_statements_covered_display": "100"}, "missing_lines": [], "excluded_lines": []}}, "classes": {"": {"executed_lines": [], "summary": {"covered_lines": 0, "num_statements": 0, "percent_covered": 100.0, "percent_covered_display": "100", "missing_lines": 0, "excluded_lines": 0, "percent_statements_covered": 100.0, "percent_statements_covered_display": "100"}, "missing_lines": [], "excluded_lines": []}}}, "backend/api/__init__.py": {"executed_lines": [0], "summary": {"covered_lines": 0, "num_statements": 0, "percent_covered": 100.0, "percent_covered_display": "100", "missing_lines": 0, "excluded_lines": 0, "percent_statements_covered": 100.0, "percent_statements_covered_display": "100"}, "missing_lines": [], "excluded_lines": [], "functions": {"": {"executed_lines": [], "summary": {"covered_lines": 0, "num_statements": 0, "percent_covered": 100.0, "percent_covered_display": "100", "missing_lines": 0, "excluded_lines": 0, "percent_statements_covered": 100.0, "percent_statements_covered_display": "100"}, "missing_lines": [], "excluded_lines": []}}, "classes": {"": {"executed_lines": [], "summary": {"covered_lines": 0, "num_statements": 0, "percent_covered": 100.0, "percent_covered_display": "100", "missing_lines": 0, "excluded_lines": 0, "percent_statements_covered": 100.0, "percent_statements_covered_display": "100"}, "missing_lines": [], "excluded_lines": []}}}, "backend/api/auth.py": {"executed_lines": [1, 2, 3, 5, 6, 7, 8, 9, 12, 15, 16, 17, 18, 19, 22, 23, 76, 77, 92, 93], "summary": {"covered_lines": 18, "num_statements": 56, "percent_covered": 32.142857142857146, "percent_covered_display": "32", "missing_lines": 38, "excluded_lines": 0, "percent_statements_covered": 32.142857142857146, "percent_statements_covered_display": "32"}, "missing_lines": [25, 27, 28, 30, 31, 32, 35, 36, 37, 40, 41, 42, 44, 45, 48, 49, 50, 53, 61, 67, 69, 70, 71, 73, 79, 81, 82, 84, 86, 87, 89, 95, 97, 98, 100, 102, 103, 105], "excluded_lines": [], "functions": {"login": {"executed_lines": [], "summary": {"covered_lines": 0, "num_statements": 24, "percent_covered": 0.0, "percent_covered_display": "0", "missing_lines": 24, "excluded_lines": 0, "percent_statements_covered": 0.0, "percent_statements_covered_display": "0"}, "missing_lines": [25, 27, 28, 30, 31, 32, 35, 36, 37, 40, 41, 42, 44, 45, 48, 49, 50, 53, 61, 67, 69, 70, 71, 73], "excluded_lines": []}, "logout": {"executed_lines": [], "summary": {"covered_lines": 0, "num_statements": 7, "percent_covered": 0.0, "percent_covered_display": "0", "missing_lines": 7, "excluded_lines": 0, "percent_statements_covered": 0.0, "percent_statements_covered_display": "0"}, "missing_lines": [79, 81, 82, 84, 86, 87, 89], "excluded_lines": []}, "get_session": {"executed_lines": [], "summary": {"covered_lines": 0, "num_statements": 7, "percent_covered": 0.0, "percent_covered_display": "0", "missing_lines": 7, "excluded_lines": 0, "percent_statements_covered": 0.0, "percent_statements_covered_display": "0"}, "missing_lines": [95, 97, 98, 100, 102, 103, 105], "excluded_lines": []}, "": {"executed_lines": [1, 2, 3, 5, 6, 7, 8, 9, 12, 15, 16, 17, 18, 19, 22, 23, 76, 77, 92, 93], "summary": {"covered_lines": 18, "num_statements": 18, "percent_covered": 100.0, "percent_covered_display": "100", "missing_lines": 0, "excluded_lines": 0, "percent_statements_covered": 100.0, "percent_statements_covered_display": "100"}, "missing_lines": [], "excluded_lines": []}}, "classes": {"LoginSchema": {"executed_lines": [], "summary": {"covered_lines": 0, "num_statements": 0, "percent_covered": 100.0, "percent_covered_display": "100", "missing_lines": 0, "excluded_lines": 0, "percent_statements_covered": 100.0, "percent_statements_covered_display": "100"}, "missing_lines": [], "excluded_lines": []}, "": {"executed_lines": [1, 2, 3, 5, 6, 7, 8, 9, 12, 15, 16, 17, 18, 19, 22, 23, 76, 77, 92, 93], "summary": {"covered_lines": 18, "num_statements": 56, "percent_covered": 32.142857142857146, "percent_covered_display": "32", "missing_lines": 38, "excluded_lines": 0, "percent_statements_covered": 32.142857142857146, "percent_statements_covered_display": "32"}, "missing_lines": [25, 27, 28, 30, 31, 32, 35, 36, 37, 40, 41, 42, 44, 45, 48, 49, 50, 53, 61, 67, 69, 70, 71, 73, 79, 81, 82, 84, 86, 87, 89, 95, 97, 98, 100, 102, 103, 105], "excluded_lines": []}}}, "backend/api/budget.py": {"executed_lines": [1, 2, 3, 5, 13, 14, 15, 18, 21, 22, 23, 98, 99, 100, 124, 125, 126, 155, 156, 157, 230, 231, 232, 261, 262, 263], "summary": {"covered_lines": 25, "num_statements": 170, "percent_covered": 14.705882352941176, "percent_covered_display": "15", "missing_lines": 145, "excluded_lines": 0, "percent_statements_covered": 14.705882352941176, "percent_statements_covered_display": "15"}, "missing_lines": [35, 36, 37, 39, 40, 41, 43, 46, 47, 48, 50, 51, 52, 54, 55, 56, 57, 59, 60, 61, 63, 64, 65, 67, 70, 71, 72, 73, 74, 75, 77, 78, 87, 92, 93, 94, 95, 105, 106, 107, 109, 110, 111, 113, 114, 115, 120, 121, 131, 132, 133, 135, 136, 137, 139, 140, 141, 142, 144, 149, 150, 151, 152, 169, 170, 171, 173, 174, 175, 177, 180, 181, 183, 184, 185, 186, 187, 189, 190, 191, 192, 193, 196, 197, 198, 199, 200, 201, 203, 204, 214, 215, 217, 222, 223, 224, 225, 226, 227, 237, 238, 239, 241, 242, 243, 245, 246, 247, 248, 250, 255, 256, 257, 258, 273, 274, 275, 277, 278, 279, 281, 282, 283, 286, 287, 288, 291, 292, 295, 296, 297, 298, 299, 302, 303, 305, 307, 308, 309, 312, 323, 328, 329, 330, 331], "excluded_lines": [], "functions": {"create_budget_endpoint": {"executed_lines": [], "summary": {"covered_lines": 0, "num_statements": 37, "percent_covered": 0.0, "percent_covered_display": "0", "missing_lines": 37, "excluded_lines": 0, "percent_statements_covered": 0.0, "percent_statements_covered_display": "0"}, "missing_lines": [35, 36, 37, 39, 40, 41, 43, 46, 47, 48, 50, 51, 52, 54, 55, 56, 57, 59, 60, 61, 63, 64, 65, 67, 70, 71, 72, 73, 74, 75, 77, 78, 87, 92, 93, 94, 95], "excluded_lines": []}, "list_budgets_endpoint": {"executed_lines": [], "summary": {"covered_lines": 0, "num_statements": 11, "percent_covered": 0.0, "percent_covered_display": "0", "missing_lines": 11, "excluded_lines": 0, "percent_statements_covered": 0.0, "percent_statements_covered_display": "0"}, "missing_lines": [105, 106, 107, 109, 110, 111, 113, 114, 115, 120, 121], "excluded_lines": []}, "get_budget_endpoint": {"executed_lines": [], "summary": {"covered_lines": 0, "num_statements": 15, "percent_covered": 0.0, "percent_covered_display": "0", "missing_lines": 15, "excluded_lines": 0, "percent_statements_covered": 0.0, "percent_statements_covered_display": "0"}, "missing_lines": [131, 132, 133, 135, 136, 137, 139, 140, 141, 142, 144, 149, 150, 151, 152], "excluded_lines": []}, "update_budget_endpoint": {"executed_lines": [], "summary": {"covered_lines": 0, "num_statements": 36, "percent_covered": 0.0, "percent_covered_display": "0", "missing_lines": 36, "excluded_lines": 0, "percent_statements_covered": 0.0, "percent_statements_covered_display": "0"}, "missing_lines": [169, 170, 171, 173, 174, 175, 177, 180, 181, 183, 184, 185, 186, 187, 189, 190, 191, 192, 193, 196, 197, 198, 199, 200, 201, 203, 204, 214, 215, 217, 222, 223, 224, 225, 226, 227], "excluded_lines": []}, "delete_budget_endpoint": {"executed_lines": [], "summary": {"covered_lines": 0, "num_statements": 15, "percent_covered": 0.0, "percent_covered_display": "0", "missing_lines": 15, "excluded_lines": 0, "percent_statements_covered": 0.0, "percent_statements_covered_display": "0"}, "missing_lines": [237, 238, 239, 241, 242, 243, 245, 246, 247, 248, 250, 255, 256, 257, 258], "excluded_lines": []}, "get_budget_status_endpoint": {"executed_lines": [], "summary": {"covered_lines": 0, "num_statements": 31, "percent_covered": 0.0, "percent_covered_display": "0", "missing_lines": 31, "excluded_lines": 0, "percent_statements_covered": 0.0, "percent_statements_covered_display": "0"}, "missing_lines": [273, 274, 275, 277, 278, 279, 281, 282, 283, 286, 287, 288, 291, 292, 295, 296, 297, 298, 299, 302, 303, 305, 307, 308, 309, 312, 323, 328, 329, 330, 331], "excluded_lines": []}, "": {"executed_lines": [1, 2, 3, 5, 13, 14, 15, 18, 21, 22, 23, 98, 99, 100, 124, 125, 126, 155, 156, 157, 230, 231, 232, 261, 262, 263], "summary": {"covered_lines": 25, "num_statements": 25, "percent_covered": 100.0, "percent_covered_display": "100", "missing_lines": 0, "excluded_lines": 0, "percent_statements_covered": 100.0, "percent_statements_covered_display": "100"}, "missing_lines": [], "excluded_lines": []}}, "classes": {"": {"executed_lines": [1, 2, 3, 5, 13, 14, 15, 18, 21, 22, 23, 98, 99, 100, 124, 125, 126, 155, 156, 157, 230, 231, 232, 261, 262, 263], "summary": {"covered_lines": 25, "num_statements": 170, "percent_covered": 14.705882352941176, "percent_covered_display": "15", "missing_lines": 145, "excluded_lines": 0, "percent_statements_covered": 14.705882352941176, "percent_statements_covered_display": "15"}, "missing_lines": [35, 36, 37, 39, 40, 41, 43, 46, 47, 48, 50, 51, 52, 54, 55, 56, 57, 59, 60, 61, 63, 64, 65, 67, 70, 71, 72, 73, 74, 75, 77, 78, 87, 92, 93, 94, 95, 105, 106, 107, 109, 110, 111, 113, 114, 115, 120, 121, 131, 132, 133, 135, 136, 137, 139, 140, 141, 142, 144, 149, 150, 151, 152, 169, 170, 171, 173, 174, 175, 177, 180, 181, 183, 184, 185, 186, 187, 189, 190, 191, 192, 193, 196, 197, 198, 199, 200, 201, 203, 204, 214, 215, 217, 222, 223, 224, 225, 226, 227, 237, 238, 239, 241, 242, 243, 245, 246, 247, 248, 250, 255, 256, 257, 258, 273, 274, 275, 277, 278, 279, 281, 282, 283, 286, 287, 288, 291, 292, 295, 296, 297, 298, 299, 302, 303, 305, 307, 308, 309, 312, 323, 328, 329, 330, 331], "excluded_lines": []}}}, "backend/api/catalog.py": {"executed_lines": [1, 2, 3, 4, 5, 7, 10, 11], "summary": {"covered_lines": 7, "num_statements": 24, "percent_covered": 29.166666666666668, "percent_covered_display": "29", "missing_lines": 17, "excluded_lines": 0, "percent_statements_covered": 29.166666666666668, "percent_statements_covered_display": "29"}, "missing_lines": [21, 22, 23, 25, 26, 28, 29, 34, 35, 38, 39, 40, 47, 52, 53, 54, 55], "excluded_lines": [], "functions": {"get_catalog_endpoint": {"executed_lines": [], "summary": {"covered_lines": 0, "num_statements": 17, "percent_covered": 0.0, "percent_covered_display": "0", "missing_lines": 17, "excluded_lines": 0, "percent_statements_covered": 0.0, "percent_statements_covered_display": "0"}, "missing_lines": [21, 22, 23, 25, 26, 28, 29, 34, 35, 38, 39, 40, 47, 52, 53, 54, 55], "excluded_lines": []}, "": {"executed_lines": [1, 2, 3, 4, 5, 7, 10, 11], "summary": {"covered_lines": 7, "num_statements": 7, "percent_covered": 100.0, "percent_covered_display": "100", "missing_lines": 0, "excluded_lines": 0, "percent_statements_covered": 100.0, "percent_statements_covered_display": "100"}, "missing_lines": [], "excluded_lines": []}}, "classes": {"": {"executed_lines": [1, 2, 3, 4, 5, 7, 10, 11], "summary": {"covered_lines": 7, "num_statements": 24, "percent_covered": 29.166666666666668, "percent_covered_display": "29", "missing_lines": 17, "excluded_lines": 0, "percent_statements_covered": 29.166666666666668, "percent_statements_covered_display": "29"}, "missing_lines": [21, 22, 23, 25, 26, 28, 29, 34, 35, 38, 39, 40, 47, 52, 53, 54, 55], "excluded_lines": []}}}, "backend/api/consumption.py": {"executed_lines": [1, 2, 3, 4, 6, 13, 14, 15, 16, 19, 22, 25, 26, 27, 155, 156, 157], "summary": {"covered_lines": 16, "num_statements": 102, "percent_covered": 15.686274509803921, "percent_covered_display": "16", "missing_lines": 86, "excluded_lines": 0, "percent_statements_covered": 15.686274509803921, "percent_statements_covered_display": "16"}, "missing_lines": [42, 43, 44, 47, 48, 49, 50, 51, 52, 53, 54, 57, 58, 61, 62, 63, 66, 67, 70, 71, 77, 78, 79, 82, 84, 86, 97, 98, 106, 107, 109, 110, 117, 118, 125, 128, 130, 149, 150, 151, 152, 166, 167, 168, 170, 172, 173, 176, 177, 178, 179, 180, 181, 182, 183, 185, 186, 189, 190, 191, 193, 195, 197, 208, 209, 217, 218, 219, 223, 224, 225, 230, 232, 234, 235, 237, 238, 239, 240, 242, 243, 244, 246, 255, 260, 261], "excluded_lines": [], "functions": {"get_consumption_endpoint": {"executed_lines": [], "summary": {"covered_lines": 0, "num_statements": 41, "percent_covered": 0.0, "percent_covered_display": "0", "missing_lines": 41, "excluded_lines": 0, "percent_statements_covered": 0.0, "percent_statements_covered_display": "0"}, "missing_lines": [42, 43, 44, 47, 48, 49, 50, 51, 52, 53, 54, 57, 58, 61, 62, 63, 66, 67, 70, 71, 77, 78, 79, 82, 84, 86, 97, 98, 106, 107, 109, 110, 117, 118, 125, 128, 130, 149, 150, 151, 152], "excluded_lines": []}, "export_consumption_endpoint": {"executed_lines": [], "summary": {"covered_lines": 0, "num_statements": 45, "percent_covered": 0.0, "percent_covered_display": "0", "missing_lines": 45, "excluded_lines": 0, "percent_statements_covered": 0.0, "percent_statements_covered_display": "0"}, "missing_lines": [166, 167, 168, 170, 172, 173, 176, 177, 178, 179, 180, 181, 182, 183, 185, 186, 189, 190, 191, 193, 195, 197, 208, 209, 217, 218, 219, 223, 224, 225, 230, 232, 234, 235, 237, 238, 239, 240, 242, 243, 244, 246, 255, 260, 261], "excluded_lines": []}, "": {"executed_lines": [1, 2, 3, 4, 6, 13, 14, 15, 16, 19, 22, 25, 26, 27, 155, 156, 157], "summary": {"covered_lines": 16, "num_statements": 16, "percent_covered": 100.0, "percent_covered_display": "100", "missing_lines": 0, "excluded_lines": 0, "percent_statements_covered": 100.0, "percent_statements_covered_display": "100"}, "missing_lines": [], "excluded_lines": []}}, "classes": {"": {"executed_lines": [1, 2, 3, 4, 6, 13, 14, 15, 16, 19, 22, 25, 26, 27, 155, 156, 157], "summary": {"covered_lines": 16, "num_statements": 102, "percent_covered": 15.686274509803921, "percent_covered_display": "16", "missing_lines": 86, "excluded_lines": 0, "percent_statements_covered": 15.686274509803921, "percent_statements_covered_display": "16"}, "missing_lines": [42, 43, 44, 47, 48, 49, 50, 51, 52, 53, 54, 57, 58, 61, 62, 63, 66, 67, 70, 71, 77, 78, 79, 82, 84, 86, 97, 98, 106, 107, 109, 110, 117, 118, 125, 128, 130, 149, 150, 151, 152, 166, 167, 168, 170, 172, 173, 176, 177, 178, 179, 180, 181, 182, 183, 185, 186, 189, 190, 191, 193, 195, 197, 208, 209, 217, 218, 219, 223, 224, 225, 230, 232, 234, 235, 237, 238, 239, 240, 242, 243, 244, 246, 255, 260, 261], "excluded_lines": []}}}, "backend/api/cost.py": {"executed_lines": [1, 2, 3, 4, 5, 7, 8, 9, 10, 13, 16, 19, 20, 21, 106, 107, 108, 188, 258], "summary": {"covered_lines": 18, "num_statements": 131, "percent_covered": 13.740458015267176, "percent_covered_display": "14", "missing_lines": 113, "excluded_lines": 0, "percent_statements_covered": 13.740458015267176, "percent_statements_covered_display": "14"}, "missing_lines": [33, 35, 36, 37, 40, 41, 42, 45, 46, 47, 48, 49, 50, 53, 54, 57, 58, 61, 73, 74, 75, 76, 77, 79, 85, 100, 101, 102, 103, 115, 117, 118, 119, 122, 123, 124, 127, 128, 129, 130, 131, 132, 135, 136, 139, 140, 143, 155, 156, 159, 160, 161, 162, 167, 169, 174, 175, 176, 182, 183, 184, 185, 198, 199, 200, 201, 202, 204, 205, 206, 207, 208, 211, 212, 213, 214, 215, 216, 217, 218, 221, 222, 223, 224, 225, 228, 231, 232, 233, 234, 235, 238, 241, 242, 243, 244, 245, 246, 247, 248, 249, 250, 252, 253, 255, 268, 270, 271, 274, 286, 287, 288, 299], "excluded_lines": [], "functions": {"get_cost": {"executed_lines": [], "summary": {"covered_lines": 0, "num_statements": 29, "percent_covered": 0.0, "percent_covered_display": "0", "missing_lines": 29, "excluded_lines": 0, "percent_statements_covered": 0.0, "percent_statements_covered_display": "0"}, "missing_lines": [33, 35, 36, 37, 40, 41, 42, 45, 46, 47, 48, 49, 50, 53, 54, 57, 58, 61, 73, 74, 75, 76, 77, 79, 85, 100, 101, 102, 103], "excluded_lines": []}, "export_cost": {"executed_lines": [], "summary": {"covered_lines": 0, "num_statements": 33, "percent_covered": 0.0, "percent_covered_display": "0", "missing_lines": 33, "excluded_lines": 0, "percent_statements_covered": 0.0, "percent_statements_covered_display": "0"}, "missing_lines": [115, 117, 118, 119, 122, 123, 124, 127, 128, 129, 130, 131, 132, 135, 136, 139, 140, 143, 155, 156, 159, 160, 161, 162, 167, 169, 174, 175, 176, 182, 183, 184, 185], "excluded_lines": []}, "format_human_readable": {"executed_lines": [], "summary": {"covered_lines": 0, "num_statements": 43, "percent_covered": 0.0, "percent_covered_display": "0", "missing_lines": 43, "excluded_lines": 0, "percent_statements_covered": 0.0, "percent_statements_covered_display": "0"}, "missing_lines": [198, 199, 200, 201, 202, 204, 205, 206, 207, 208, 211, 212, 213, 214, 215, 216, 217, 218, 221, 222, 223, 224, 225, 228, 231, 232, 233, 234, 235, 238, 241, 242, 243, 244, 245, 246, 247, 248, 249, 250, 252, 253, 255], "excluded_lines": []}, "format_csv": {"executed_lines": [], "summary": {"covered_lines": 0, "num_statements": 8, "percent_covered": 0.0, "percent_covered_display": "0", "missing_lines": 8, "excluded_lines": 0, "percent_statements_covered": 0.0, "percent_statements_covered_display": "0"}, "missing_lines": [268, 270, 271, 274, 286, 287, 288, 299], "excluded_lines": []}, "": {"executed_lines": [1, 2, 3, 4, 5, 7, 8, 9, 10, 13, 16, 19, 20, 21, 106, 107, 108, 188, 258], "summary": {"covered_lines": 18, "num_statements": 18, "percent_covered": 100.0, "percent_covered_display": "100", "missing_lines": 0, "excluded_lines": 0, "percent_statements_covered": 100.0, "percent_statements_covered_display": "100"}, "missing_lines": [], "excluded_lines": []}}, "classes": {"": {"executed_lines": [1, 2, 3, 4, 5, 7, 8, 9, 10, 13, 16, 19, 20, 21, 106, 107, 108, 188, 258], "summary": {"covered_lines": 18, "num_statements": 131, "percent_covered": 13.740458015267176, "percent_covered_display": "14", "missing_lines": 113, "excluded_lines": 0, "percent_statements_covered": 13.740458015267176, "percent_statements_covered_display": "14"}, "missing_lines": [33, 35, 36, 37, 40, 41, 42, 45, 46, 47, 48, 49, 50, 53, 54, 57, 58, 61, 73, 74, 75, 76, 77, 79, 85, 100, 101, 102, 103, 115, 117, 118, 119, 122, 123, 124, 127, 128, 129, 130, 131, 132, 135, 136, 139, 140, 143, 155, 156, 159, 160, 161, 162, 167, 169, 174, 175, 176, 182, 183, 184, 185, 198, 199, 200, 201, 202, 204, 205, 206, 207, 208, 211, 212, 213, 214, 215, 216, 217, 218, 221, 222, 223, 224, 225, 228, 231, 232, 233, 234, 235, 238, 241, 242, 243, 244, 245, 246, 247, 248, 249, 250, 252, 253, 255, 268, 270, 271, 274, 286, 287, 288, 299], "excluded_lines": []}}}, "backend/api/quote.py": {"executed_lines": [1, 2, 3, 4, 5, 6, 7, 8, 9, 11, 14, 15, 16, 44, 45, 46, 67, 68, 69, 98, 99, 100, 143, 144, 145, 176, 177, 178, 214, 215, 216, 240, 241, 242], "summary": {"covered_lines": 33, "num_statements": 171, "percent_covered": 19.29824561403509, "percent_covered_display": "19", "missing_lines": 138, "excluded_lines": 0, "percent_statements_covered": 19.29824561403509, "percent_statements_covered_display": "19"}, "missing_lines": [22, 23, 24, 26, 27, 29, 30, 31, 32, 36, 37, 38, 39, 41, 52, 53, 54, 56, 57, 58, 59, 64, 76, 77, 78, 80, 81, 82, 83, 84, 87, 88, 90, 95, 107, 108, 109, 111, 113, 114, 115, 127, 128, 130, 134, 135, 136, 137, 138, 140, 152, 153, 154, 156, 157, 158, 160, 165, 166, 168, 169, 170, 171, 173, 184, 185, 186, 188, 191, 192, 193, 195, 196, 197, 198, 199, 201, 205, 206, 207, 208, 209, 211, 222, 223, 224, 226, 227, 228, 229, 230, 232, 237, 248, 249, 250, 252, 253, 254, 255, 256, 258, 259, 262, 263, 266, 267, 268, 269, 270, 273, 274, 275, 276, 277, 280, 286, 287, 288, 289, 290, 291, 292, 293, 294, 295, 297, 302, 305, 306, 307, 308, 309, 310, 313, 314, 316, 322], "excluded_lines": [], "functions": {"create_quote": {"executed_lines": [], "summary": {"covered_lines": 0, "num_statements": 14, "percent_covered": 0.0, "percent_covered_display": "0", "missing_lines": 14, "excluded_lines": 0, "percent_statements_covered": 0.0, "percent_statements_covered_display": "0"}, "missing_lines": [22, 23, 24, 26, 27, 29, 30, 31, 32, 36, 37, 38, 39, 41], "excluded_lines": []}, "list_quotes": {"executed_lines": [], "summary": {"covered_lines": 0, "num_statements": 8, "percent_covered": 0.0, "percent_covered_display": "0", "missing_lines": 8, "excluded_lines": 0, "percent_statements_covered": 0.0, "percent_statements_covered_display": "0"}, "missing_lines": [52, 53, 54, 56, 57, 58, 59, 64], "excluded_lines": []}, "get_quote": {"executed_lines": [], "summary": {"covered_lines": 0, "num_statements": 12, "percent_covered": 0.0, "percent_covered_display": "0", "missing_lines": 12, "excluded_lines": 0, "percent_statements_covered": 0.0, "percent_statements_covered_display": "0"}, "missing_lines": [76, 77, 78, 80, 81, 82, 83, 84, 87, 88, 90, 95], "excluded_lines": []}, "update_quote": {"executed_lines": [], "summary": {"covered_lines": 0, "num_statements": 16, "percent_covered": 0.0, "percent_covered_display": "0", "missing_lines": 16, "excluded_lines": 0, "percent_statements_covered": 0.0, "percent_statements_covered_display": "0"}, "missing_lines": [107, 108, 109, 111, 113, 114, 115, 127, 128, 130, 134, 135, 136, 137, 138, 140], "excluded_lines": []}, "delete_quote": {"executed_lines": [], "summary": {"covered_lines": 0, "num_statements": 14, "percent_covered": 0.0, "percent_covered_display": "0", "missing_lines": 14, "excluded_lines": 0, "percent_statements_covered": 0.0, "percent_statements_covered_display": "0"}, "missing_lines": [152, 153, 154, 156, 157, 158, 160, 165, 166, 168, 169, 170, 171, 173], "excluded_lines": []}, "add_quote_item": {"executed_lines": [], "summary": {"covered_lines": 0, "num_statements": 19, "percent_covered": 0.0, "percent_covered_display": "0", "missing_lines": 19, "excluded_lines": 0, "percent_statements_covered": 0.0, "percent_statements_covered_display": "0"}, "missing_lines": [184, 185, 186, 188, 191, 192, 193, 195, 196, 197, 198, 199, 201, 205, 206, 207, 208, 209, 211], "excluded_lines": []}, "remove_quote_item": {"executed_lines": [], "summary": {"covered_lines": 0, "num_statements": 10, "percent_covered": 0.0, "percent_covered_display": "0", "missing_lines": 10, "excluded_lines": 0, "percent_statements_covered": 0.0, "percent_statements_covered_display": "0"}, "missing_lines": [222, 223, 224, 226, 227, 228, 229, 230, 232, 237], "excluded_lines": []}, "export_quote_csv": {"executed_lines": [], "summary": {"covered_lines": 0, "num_statements": 45, "percent_covered": 0.0, "percent_covered_display": "0", "missing_lines": 45, "excluded_lines": 0, "percent_statements_covered": 0.0, "percent_statements_covered_display": "0"}, "missing_lines": [248, 249, 250, 252, 253, 254, 255, 256, 258, 259, 262, 263, 266, 267, 268, 269, 270, 273, 274, 275, 276, 277, 280, 286, 287, 288, 289, 290, 291, 292, 293, 294, 295, 297, 302, 305, 306, 307, 308, 309, 310, 313, 314, 316, 322], "excluded_lines": []}, "": {"executed_lines": [1, 2, 3, 4, 5, 6, 7, 8, 9, 11, 14, 15, 16, 44, 45, 46, 67, 68, 69, 98, 99, 100, 143, 144, 145, 176, 177, 178, 214, 215, 216, 240, 241, 242], "summary": {"covered_lines": 33, "num_statements": 33, "percent_covered": 100.0, "percent_covered_display": "100", "missing_lines": 0, "excluded_lines": 0, "percent_statements_covered": 100.0, "percent_statements_covered_display": "100"}, "missing_lines": [], "excluded_lines": []}}, "classes": {"": {"executed_lines": [1, 2, 3, 4, 5, 6, 7, 8, 9, 11, 14, 15, 16, 44, 45, 46, 67, 68, 69, 98, 99, 100, 143, 144, 145, 176, 177, 178, 214, 215, 216, 240, 241, 242], "summary": {"covered_lines": 33, "num_statements": 171, "percent_covered": 19.29824561403509, "percent_covered_display": "19", "missing_lines": 138, "excluded_lines": 0, "percent_statements_covered": 19.29824561403509, "percent_statements_covered_display": "19"}, "missing_lines": [22, 23, 24, 26, 27, 29, 30, 31, 32, 36, 37, 38, 39, 41, 52, 53, 54, 56, 57, 58, 59, 64, 76, 77, 78, 80, 81, 82, 83, 84, 87, 88, 90, 95, 107, 108, 109, 111, 113, 114, 115, 127, 128, 130, 134, 135, 136, 137, 138, 140, 152, 153, 154, 156, 157, 158, 160, 165, 166, 168, 169, 170, 171, 173, 184, 185, 186, 188, 191, 192, 193, 195, 196, 197, 198, 199, 201, 205, 206, 207, 208, 209, 211, 222, 223, 224, 226, 227, 228, 229, 230, 232, 237, 248, 249, 250, 252, 253, 254, 255, 256, 258, 259, 262, 263, 266, 267, 268, 269, 270, 273, 274, 275, 276, 277, 280, 286, 287, 288, 289, 290, 291, 292, 293, 294, 295, 297, 302, 305, 306, 307, 308, 309, 310, 313, 314, 316, 322], "excluded_lines": []}}}, "backend/api/trends.py": {"executed_lines": [1, 2, 3, 4, 5, 7, 8, 9, 10, 11, 12, 13, 16, 19, 22, 23, 24, 156, 157, 158], "summary": {"covered_lines": 19, "num_statements": 76, "percent_covered": 25.0, "percent_covered_display": "25", "missing_lines": 57, "excluded_lines": 0, "percent_statements_covered": 25.0, "percent_statements_covered_display": "25"}, "missing_lines": [44, 45, 46, 49, 50, 51, 52, 53, 54, 55, 56, 59, 60, 63, 64, 65, 68, 69, 72, 73, 79, 80, 81, 84, 87, 88, 89, 90, 91, 93, 94, 95, 98, 111, 113, 115, 118, 119, 122, 138, 140, 142, 145, 146, 148, 169, 170, 171, 174, 176, 177, 183, 194, 195, 198, 199, 201], "excluded_lines": [], "functions": {"submit_trends_job": {"executed_lines": [], "summary": {"covered_lines": 0, "num_statements": 37, "percent_covered": 0.0, "percent_covered_display": "0", "missing_lines": 37, "excluded_lines": 0, "percent_statements_covered": 0.0, "percent_statements_covered_display": "0"}, "missing_lines": [44, 45, 46, 49, 50, 51, 52, 53, 54, 55, 56, 59, 60, 63, 64, 65, 68, 69, 72, 73, 79, 80, 81, 84, 87, 88, 89, 90, 91, 93, 94, 95, 98, 111, 145, 146, 148], "excluded_lines": []}, "submit_trends_job.process_job": {"executed_lines": [], "summary": {"covered_lines": 0, "num_statements": 7, "percent_covered": 0.0, "percent_covered_display": "0", "missing_lines": 7, "excluded_lines": 0, "percent_statements_covered": 0.0, "percent_statements_covered_display": "0"}, "missing_lines": [113, 115, 118, 122, 138, 140, 142], "excluded_lines": []}, "submit_trends_job.process_job.progress_callback": {"executed_lines": [], "summary": {"covered_lines": 0, "num_statements": 1, "percent_covered": 0.0, "percent_covered_display": "0", "missing_lines": 1, "excluded_lines": 0, "percent_statements_covered": 0.0, "percent_statements_covered_display": "0"}, "missing_lines": [119], "excluded_lines": []}, "get_job_status": {"executed_lines": [], "summary": {"covered_lines": 0, "num_statements": 12, "percent_covered": 0.0, "percent_covered_display": "0", "missing_lines": 12, "excluded_lines": 0, "percent_statements_covered": 0.0, "percent_statements_covered_display": "0"}, "missing_lines": [169, 170, 171, 174, 176, 177, 183, 194, 195, 198, 199, 201], "excluded_lines": []}, "": {"executed_lines": [1, 2, 3, 4, 5, 7, 8, 9, 10, 11, 12, 13, 16, 19, 22, 23, 24, 156, 157, 158], "summary": {"covered_lines": 19, "num_statements": 19, "percent_covered": 100.0, "percent_covered_display": "100", "missing_lines": 0, "excluded_lines": 0, "percent_statements_covered": 100.0, "percent_statements_covered_display": "100"}, "missing_lines": [], "excluded_lines": []}}, "classes": {"": {"executed_lines": [1, 2, 3, 4, 5, 7, 8, 9, 10, 11, 12, 13, 16, 19, 22, 23, 24, 156, 157, 158], "summary": {"covered_lines": 19, "num_statements": 76, "percent_covered": 25.0, "percent_covered_display": "25", "missing_lines": 57, "excluded_lines": 0, "percent_statements_covered": 25.0, "percent_statements_covered_display": "25"}, "missing_lines": [44, 45, 46, 49, 50, 51, 52, 53, 54, 55, 56, 59, 60, 63, 64, 65, 68, 69, 72, 73, 79, 80, 81, 84, 87, 88, 89, 90, 91, 93, 94, 95, 98, 111, 113, 115, 118, 119, 122, 138, 140, 142, 145, 146, 148, 169, 170, 171, 174, 176, 177, 183, 194, 195, 198, 199, 201], "excluded_lines": []}}}, "backend/app.py": {"executed_lines": [1, 2, 3, 5, 11, 12, 13, 14, 15, 16, 17, 18, 19, 20, 21, 24, 26, 29, 32, 33, 34, 37, 40, 43, 44, 45, 46, 47, 48, 49, 52, 53, 57, 58, 59, 62, 63, 66, 68, 69, 70, 72, 73, 75, 80, 82, 83, 96, 97, 100, 103, 105, 114, 117, 118, 120, 122, 125], "summary": {"covered_lines": 57, "num_statements": 67, "percent_covered": 85.07462686567165, "percent_covered_display": "85", "missing_lines": 10, "excluded_lines": 0, "percent_statements_covered": 85.07462686567165, "percent_statements_covered_display": "85"}, "missing_lines": [54, 86, 87, 89, 94, 126, 127, 128, 129, 131], "excluded_lines": [], "functions": {"create_app": {"executed_lines": [26, 29, 32, 33, 34, 37, 40, 43, 44, 45, 46, 47, 48, 49, 52, 53, 57, 58, 62, 63, 72, 73, 82, 83, 96, 97, 117, 118, 122], "summary": {"covered_lines": 29, "num_statements": 29, "percent_covered": 100.0, "percent_covered_display": "100", "missing_lines": 0, "excluded_lines": 0, "percent_statements_covered": 100.0, "percent_statements_covered_display": "100"}, "missing_lines": [], "excluded_lines": []}, "create_app.index": {"executed_lines": [], "summary": {"covered_lines": 0, "num_statements": 1, "percent_covered": 0.0, "percent_covered_display": "0", "missing_lines": 1, "excluded_lines": 0, "percent_statements_covered": 0.0, "percent_statements_covered_display": "0"}, "missing_lines": [54], "excluded_lines": []}, "create_app.health": {"executed_lines": [59], "summary": {"covered_lines": 1, "num_statements": 1, "percent_covered": 100.0, "percent_covered_display": "100", "missing_lines": 0, "excluded_lines": 0, "percent_statements_covered": 100.0, "percent_statements_covered_display": "100"}, "missing_lines": [], "excluded_lines": []}, "create_app.handle_api_error": {"executed_lines": [66, 68, 69, 70], "summary": {"covered_lines": 4, "num_statements": 4, "percent_covered": 100.0, "percent_covered_display": "100", "missing_lines": 0, "excluded_lines": 0, "percent_statements_covered": 100.0, "percent_statements_covered_display": "100"}, "missing_lines": [], "excluded_lines": []}, "create_app.not_found": {"executed_lines": [75, 80], "summary": {"covered_lines": 2, "num_statements": 2, "percent_covered": 100.0, "percent_covered_display": "100", "missing_lines": 0, "excluded_lines": 0, "percent_statements_covered": 100.0, "percent_statements_covered_display": "100"}, "missing_lines": [], "excluded_lines": []}, "create_app.internal_error": {"executed_lines": [], "summary": {"covered_lines": 0, "num_statements": 4, "percent_covered": 0.0, "percent_covered_display": "0", "missing_lines": 4, "excluded_lines": 0, "percent_statements_covered": 0.0, "percent_statements_covered_display": "0"}, "missing_lines": [86, 87, 89, 94], "excluded_lines": []}, "create_app.handle_all_exceptions": {"executed_lines": [100, 103, 105, 114], "summary": {"covered_lines": 4, "num_statements": 4, "percent_covered": 100.0, "percent_covered_display": "100", "missing_lines": 0, "excluded_lines": 0, "percent_statements_covered": 100.0, "percent_statements_covered_display": "100"}, "missing_lines": [], "excluded_lines": []}, "create_app.shutdown_session": {"executed_lines": [120], "summary": {"covered_lines": 1, "num_statements": 1, "percent_covered": 100.0, "percent_covered_display": "100", "missing_lines": 0, "excluded_lines": 0, "percent_statements_covered": 100.0, "percent_statements_covered_display": "100"}, "missing_lines": [], "excluded_lines": []}, "": {"executed_lines": [1, 2, 3, 5, 11, 12, 13, 14, 15, 16, 17, 18, 19, 20, 21, 24, 125], "summary": {"covered_lines": 16, "num_statements": 21, "percent_covered": 76.19047619047619, "percent_covered_display": "76", "missing_lines": 5, "excluded_lines": 0, "percent_statements_covered": 76.19047619047619, "percent_statements_covered_display": "76"}, "missing_lines": [126, 127, 128, 129, 131], "excluded_lines": []}}, "classes": {"": {"executed_lines": [1, 2, 3, 5, 11, 12, 13, 14, 15, 16, 17, 18, 19, 20, 21, 24, 26, 29, 32, 33, 34, 37, 40, 43, 44, 45, 46, 47, 48, 49, 52, 53, 57, 58, 59, 62, 63, 66, 68, 69, 70, 72, 73, 75, 80, 82, 83, 96, 97, 100, 103, 105, 114, 117, 118, 120, 122, 125], "summary": {"covered_lines": 57, "num_statements": 67, "percent_covered": 85.07462686567165, "percent_covered_display": "85", "missing_lines": 10, "excluded_lines": 0, "percent_statements_covered": 85.07462686567165, "percent_statements_covered_display": "85"}, "missing_lines": [54, 86, 87, 89, 94, 126, 127, 128, 129, 131], "excluded_lines": []}}}, "backend/auth/__init__.py": {"executed_lines": [0], "summary": {"covered_lines": 0, "num_statements": 0, "percent_covered": 100.0, "percent_covered_display": "100", "missing_lines": 0, "excluded_lines": 0, "percent_statements_covered": 100.0, "percent_statements_covered_display": "100"}, "missing_lines": [], "excluded_lines": [], "functions": {"": {"executed_lines": [], "summary": {"covered_lines": 0, "num_statements": 0, "percent_covered": 100.0, "percent_covered_display": "100", "missing_lines": 0, "excluded_lines": 0, "percent_statements_covered": 100.0, "percent_statements_covered_display": "100"}, "missing_lines": [], "excluded_lines": []}}, "classes": {"": {"executed_lines": [], "summary": {"covered_lines": 0, "num_statements": 0, "percent_covered": 100.0, "percent_covered_display": "100", "missing_lines": 0, "excluded_lines": 0, "percent_statements_covered": 100.0, "percent_statements_covered_display": "100"}, "missing_lines": [], "excluded_lines": []}}}, "backend/auth/session_manager.py": {"executed_lines": [1, 2, 3, 4, 6, 7, 8, 11, 12, 14, 15, 16, 17, 18, 19, 20, 21, 23, 25, 26, 28, 30, 32, 34, 43, 44, 46, 48, 49, 51, 64, 65, 66, 67, 73, 74, 75, 78, 79, 80, 81, 82, 83, 84, 85, 87, 88, 89, 91, 94, 95, 96, 98, 100, 101, 102, 103, 107, 108, 110, 115, 116, 119, 124, 125, 126, 127, 128, 133, 136, 137, 140, 144, 145, 147, 149, 150, 151, 152, 155, 156, 157, 158, 159, 164, 172, 174, 175, 176, 177, 180, 181, 182, 183, 184, 189, 201, 203, 204, 205, 206, 212, 218], "summary": {"covered_lines": 100, "num_statements": 124, "percent_covered": 80.64516129032258, "percent_covered_display": "81", "missing_lines": 24, "excluded_lines": 0, "percent_statements_covered": 80.64516129032258, "percent_statements_covered_display": "81"}, "missing_lines": [111, 112, 129, 131, 138, 141, 142, 160, 161, 162, 167, 168, 169, 170, 185, 186, 187, 192, 197, 198, 199, 209, 210, 214], "excluded_lines": [], "functions": {"Session.__init__": {"executed_lines": [15, 16, 17, 18, 19, 20, 21], "summary": {"covered_lines": 7, "num_statements": 7, "percent_covered": 100.0, "percent_covered_display": "100", "missing_lines": 0, "excluded_lines": 0, "percent_statements_covered": 100.0, "percent_statements_covered_display": "100"}, "missing_lines": [], "excluded_lines": []}, "Session.update_activity": {"executed_lines": [25, 26], "summary": {"covered_lines": 2, "num_statements": 2, "percent_covered": 100.0, "percent_covered_display": "100", "missing_lines": 0, "excluded_lines": 0, "percent_statements_covered": 100.0, "percent_statements_covered_display": "100"}, "missing_lines": [], "excluded_lines": []}, "Session.is_expired": {"executed_lines": [30], "summary": {"covered_lines": 1, "num_statements": 1, "percent_covered": 100.0, "percent_covered_display": "100", "missing_lines": 0, "excluded_lines": 0, "percent_statements_covered": 100.0, "percent_statements_covered_display": "100"}, "missing_lines": [], "excluded_lines": []}, "Session.to_dict": {"executed_lines": [34], "summary": {"covered_lines": 1, "num_statements": 1, "percent_covered": 100.0, "percent_covered_display": "100", "missing_lines": 0, "excluded_lines": 0, "percent_statements_covered": 100.0, "percent_statements_covered_display": "100"}, "missing_lines": [], "excluded_lines": []}, "SessionManager.__init__": {"executed_lines": [48, 49], "summary": {"covered_lines": 2, "num_statements": 2, "percent_covered": 100.0, "percent_covered_display": "100", "missing_lines": 0, "excluded_lines": 0, "percent_statements_covered": 100.0, "percent_statements_covered_display": "100"}, "missing_lines": [], "excluded_lines": []}, "SessionManager.create_session": {"executed_lines": [64, 65, 66, 67, 73, 74, 75, 78, 79, 80, 81, 82, 83, 84, 85, 87, 88, 89, 91, 94, 95, 96], "summary": {"covered_lines": 22, "num_statements": 22, "percent_covered": 100.0, "percent_covered_display": "100", "missing_lines": 0, "excluded_lines": 0, "percent_statements_covered": 100.0, "percent_statements_covered_display": "100"}, "missing_lines": [], "excluded_lines": []}, "SessionManager.get_session": {"executed_lines": [100, 101, 102, 103, 107, 108, 110, 115, 116, 119, 124, 125, 126, 127, 128, 133, 136, 137, 140, 144, 145], "summary": {"covered_lines": 21, "num_statements": 28, "percent_covered": 75.0, "percent_covered_display": "75", "missing_lines": 7, "excluded_lines": 0, "percent_statements_covered": 75.0, "percent_statements_covered_display": "75"}, "missing_lines": [111, 112, 129, 131, 138, 141, 142], "excluded_lines": []}, "SessionManager.delete_session": {"executed_lines": [149, 150, 151, 152, 155, 156, 157, 158, 159, 164], "summary": {"covered_lines": 10, "num_statements": 17, "percent_covered": 58.8235294117647, "percent_covered_display": "59", "missing_lines": 7, "excluded_lines": 0, "percent_statements_covered": 58.8235294117647, "percent_statements_covered_display": "59"}, "missing_lines": [160, 161, 162, 167, 168, 169, 170], "excluded_lines": []}, "SessionManager.cleanup_expired": {"executed_lines": [174, 175, 176, 177, 180, 181, 182, 183, 184, 189], "summary": {"covered_lines": 10, "num_statements": 17, "percent_covered": 58.8235294117647, "percent_covered_display": "59", "missing_lines": 7, "excluded_lines": 0, "percent_statements_covered": 58.8235294117647, "percent_statements_covered_display": "59"}, "missing_lines": [185, 186, 187, 192, 197, 198, 199], "excluded_lines": []}, "SessionManager.get_session_count": {"executed_lines": [203, 204, 205, 206, 212], "summary": {"covered_lines": 5, "num_statements": 8, "percent_covered": 62.5, "percent_covered_display": "62", "missing_lines": 3, "excluded_lines": 0, "percent_statements_covered": 62.5, "percent_statements_covered_display": "62"}, "missing_lines": [209, 210, 214], "excluded_lines": []}, "": {"executed_lines": [1, 2, 3, 4, 6, 7, 8, 11, 12, 14, 23, 28, 32, 43, 44, 46, 51, 98, 147, 172, 201, 218], "summary": {"covered_lines": 19, "num_statements": 19, "percent_covered": 100.0, "percent_covered_display": "100", "missing_lines": 0, "excluded_lines": 0, "percent_statements_covered": 100.0, "percent_statements_covered_display": "100"}, "missing_lines": [], "excluded_lines": []}}, "classes": {"Session": {"executed_lines": [15, 16, 17, 18, 19, 20, 21, 25, 26, 30, 34], "summary": {"covered_lines": 11, "num_statements": 11, "percent_covered": 100.0, "percent_covered_display": "100", "missing_lines": 0, "excluded_lines": 0, "percent_statements_covered": 100.0, "percent_statements_covered_display": "100"}, "missing_lines": [], "excluded_lines": []}, "SessionManager": {"executed_lines": [48, 49, 64, 65, 66, 67, 73, 74, 75, 78, 79, 80, 81, 82, 83, 84, 85, 87, 88, 89, 91, 94, 95, 96, 100, 101, 102, 103, 107, 108, 110, 115, 116, 119, 124, 125, 126, 127, 128, 133, 136, 137, 140, 144, 145, 149, 150, 151, 152, 155, 156, 157, 158, 159, 164, 174, 175, 176, 177, 180, 181, 182, 183, 184, 189, 203, 204, 205, 206, 212], "summary": {"covered_lines": 70, "num_statements": 94, "percent_covered": 74.46808510638297, "percent_covered_display": "74", "missing_lines": 24, "excluded_lines": 0, "percent_statements_covered": 74.46808510638297, "percent_statements_covered_display": "74"}, "missing_lines": [111, 112, 129, 131, 138, 141, 142, 160, 161, 162, 167, 168, 169, 170, 185, 186, 187, 192, 197, 198, 199, 209, 210, 214], "excluded_lines": []}, "": {"executed_lines": [1, 2, 3, 4, 6, 7, 8, 11, 12, 14, 23, 28, 32, 43, 44, 46, 51, 98, 147, 172, 201, 218], "summary": {"covered_lines": 19, "num_statements": 19, "percent_covered": 100.0, "percent_covered_display": "100", "missing_lines": 0, "excluded_lines": 0, "percent_statements_covered": 100.0, "percent_statements_covered_display": "100"}, "missing_lines": [], "excluded_lines": []}}}, "backend/auth/validator.py": {"executed_lines": [1, 2, 4, 5, 8, 15, 16, 18, 19, 21, 24, 32, 33, 36, 37, 38, 40, 42, 49, 56, 57, 58, 59, 60, 61, 62, 64, 65, 67, 69, 71, 72, 73, 74, 75, 77], "summary": {"covered_lines": 35, "num_statements": 35, "percent_covered": 100.0, "percent_covered_display": "100", "missing_lines": 0, "excluded_lines": 0, "percent_statements_covered": 100.0, "percent_statements_covered_display": "100"}, "missing_lines": [], "excluded_lines": [], "functions": {"validate_region": {"executed_lines": [15, 16, 18, 19, 21], "summary": {"covered_lines": 5, "num_statements": 5, "percent_covered": 100.0, "percent_covered_display": "100", "missing_lines": 0, "excluded_lines": 0, "percent_statements_covered": 100.0, "percent_statements_covered_display": "100"}, "missing_lines": [], "excluded_lines": []}, "validate_credentials": {"executed_lines": [32, 33, 36, 37, 38, 40, 42, 49, 56, 57, 58, 59, 60, 61, 62, 64, 65, 67, 69, 71, 72, 73, 74, 75, 77], "summary": {"covered_lines": 25, "num_statements": 25, "percent_covered": 100.0, "percent_covered_display": "100", "missing_lines": 0, "excluded_lines": 0, "percent_statements_covered": 100.0, "percent_statements_covered_display": "100"}, "missing_lines": [], "excluded_lines": []}, "": {"executed_lines": [1, 2, 4, 5, 8, 24], "summary": {"covered_lines": 5, "num_statements": 5, "percent_covered": 100.0, "percent_covered_display": "100", "missing_lines": 0, "excluded_lines": 0, "percent_statements_covered": 100.0, "percent_statements_covered_display": "100"}, "missing_lines": [], "excluded_lines": []}}, "classes": {"": {"executed_lines": [1, 2, 4, 5, 8, 15, 16, 18, 19, 21, 24, 32, 33, 36, 37, 38, 40, 42, 49, 56, 57, 58, 59, 60, 61, 62, 64, 65, 67, 69, 71, 72, 73, 74, 75, 77], "summary": {"covered_lines": 35, "num_statements": 35, "percent_covered": 100.0, "percent_covered_display": "100", "missing_lines": 0, "excluded_lines": 0, "percent_statements_covered": 100.0, "percent_statements_covered_display": "100"}, "missing_lines": [], "excluded_lines": []}}}, "backend/config/__init__.py": {"executed_lines": [0], "summary": {"covered_lines": 0, "num_statements": 0, "percent_covered": 100.0, "percent_covered_display": "100", "missing_lines": 0, "excluded_lines": 0, "percent_statements_covered": 100.0, "percent_statements_covered_display": "100"}, "missing_lines": [], "excluded_lines": [], "functions": {"": {"executed_lines": [], "summary": {"covered_lines": 0, "num_statements": 0, "percent_covered": 100.0, "percent_covered_display": "100", "missing_lines": 0, "excluded_lines": 0, "percent_statements_covered": 100.0, "percent_statements_covered_display": "100"}, "missing_lines": [], "excluded_lines": []}}, "classes": {"": {"executed_lines": [], "summary": {"covered_lines": 0, "num_statements": 0, "percent_covered": 100.0, "percent_covered_display": "100", "missing_lines": 0, "excluded_lines": 0, "percent_statements_covered": 100.0, "percent_statements_covered_display": "100"}, "missing_lines": [], "excluded_lines": []}}}, "backend/config/database.py": {"executed_lines": [1, 2, 3, 4, 5, 8, 9, 10, 11, 14, 16, 32, 39, 44, 45, 46, 48, 51, 53, 54, 57, 59], "summary": {"covered_lines": 21, "num_statements": 22, "percent_covered": 95.45454545454545, "percent_covered_display": "95", "missing_lines": 1, "excluded_lines": 0, "percent_statements_covered": 95.45454545454545, "percent_statements_covered_display": "95"}, "missing_lines": [24], "excluded_lines": [], "functions": {"get_db": {"executed_lines": [44, 45, 46, 48], "summary": {"covered_lines": 4, "num_statements": 4, "percent_covered": 100.0, "percent_covered_display": "100", "missing_lines": 0, "excluded_lines": 0, "percent_statements_covered": 100.0, "percent_statements_covered_display": "100"}, "missing_lines": [], "excluded_lines": []}, "init_db": {"executed_lines": [53, 54], "summary": {"covered_lines": 2, "num_statements": 2, "percent_covered": 100.0, "percent_covered_display": "100", "missing_lines": 0, "excluded_lines": 0, "percent_statements_covered": 100.0, "percent_statements_covered_display": "100"}, "missing_lines": [], "excluded_lines": []}, "close_db": {"executed_lines": [59], "summary": {"covered_lines": 1, "num_statements": 1, "percent_covered": 100.0, "percent_covered_display": "100", "missing_lines": 0, "excluded_lines": 0, "percent_statements_covered": 100.0, "percent_statements_covered_display": "100"}, "missing_lines": [], "excluded_lines": []}, "": {"executed_lines": [1, 2, 3, 4, 5, 8, 9, 10, 11, 14, 16, 32, 39, 51, 57], "summary": {"covered_lines": 14, "num_statements": 15, "percent_covered": 93.33333333333333, "percent_covered_display": "93", "missing_lines": 1, "excluded_lines": 0, "percent_statements_covered": 93.33333333333333, "percent_statements_covered_display": "93"}, "missing_lines": [24], "excluded_lines": []}}, "classes": {"": {"executed_lines": [1, 2, 3, 4, 5, 8, 9, 10, 11, 14, 16, 32, 39, 44, 45, 46, 48, 51, 53, 54, 57, 59], "summary": {"covered_lines": 21, "num_statements": 22, "percent_covered": 95.45454545454545, "percent_covered_display": "95", "missing_lines": 1, "excluded_lines": 0, "percent_statements_covered": 95.45454545454545, "percent_statements_covered_display": "95"}, "missing_lines": [24], "excluded_lines": []}}}, "backend/config/settings.py": {"executed_lines": [1, 2, 3, 6, 14, 15, 16, 17, 18, 21, 22, 23, 26, 27, 30, 33, 34, 37, 38, 39, 40, 41, 42, 43, 44, 49, 50, 51, 52], "summary": {"covered_lines": 28, "num_statements": 28, "percent_covered": 100.0, "percent_covered_display": "100", "missing_lines": 0, "excluded_lines": 0, "percent_statements_covered": 100.0, "percent_statements_covered_display": "100"}, "missing_lines": [], "excluded_lines": [], "functions": {"": {"executed_lines": [1, 2, 3, 6, 14, 15, 16, 17, 18, 21, 22, 23, 26, 27, 30, 33, 34, 37, 38, 39, 40, 41, 42, 43, 44, 49, 50, 51, 52], "summary": {"covered_lines": 28, "num_statements": 28, "percent_covered": 100.0, "percent_covered_display": "100", "missing_lines": 0, "excluded_lines": 0, "percent_statements_covered": 100.0, "percent_statements_covered_display": "100"}, "missing_lines": [], "excluded_lines": []}}, "classes": {"": {"executed_lines": [1, 2, 3, 6, 14, 15, 16, 17, 18, 21, 22, 23, 26, 27, 30, 33, 34, 37, 38, 39, 40, 41, 42, 43, 44, 49, 50, 51, 52], "summary": {"covered_lines": 28, "num_statements": 28, "percent_covered": 100.0, "percent_covered_display": "100", "missing_lines": 0, "excluded_lines": 0, "percent_statements_covered": 100.0, "percent_statements_covered_display": "100"}, "missing_lines": [], "excluded_lines": []}}}, "backend/database/__init__.py": {"executed_lines": [1, 2, 9], "summary": {"covered_lines": 2, "num_statements": 2, "percent_covered": 100.0, "percent_covered_display": "100", "missing_lines": 0, "excluded_lines": 0, "percent_statements_covered": 100.0, "percent_statements_covered_display": "100"}, "missing_lines": [], "excluded_lines": [], "functions": {"": {"executed_lines": [1, 2, 9], "summary": {"covered_lines": 2, "num_statements": 2, "percent_covered": 100.0, "percent_covered_display": "100", "missing_lines": 0, "excluded_lines": 0, "percent_statements_covered": 100.0, "percent_statements_covered_display": "100"}, "missing_lines": [], "excluded_lines": []}}, "classes": {"": {"executed_lines": [1, 2, 9], "summary": {"covered_lines": 2, "num_statements": 2, "percent_covered": 100.0, "percent_covered_display": "100", "missing_lines": 0, "excluded_lines": 0, "percent_statements_covered": 100.0, "percent_statements_covered_display": "100"}, "missing_lines": [], "excluded_lines": []}}}, "backend/database/base.py": {"executed_lines": [1, 2, 3, 4, 6, 9, 10, 11, 13, 14, 16], "summary": {"covered_lines": 9, "num_statements": 10, "percent_covered": 90.0, "percent_covered_display": "90", "missing_lines": 1, "excluded_lines": 0, "percent_statements_covered": 90.0, "percent_statements_covered_display": "90"}, "missing_lines": [18], "excluded_lines": [], "functions": {"BaseModel.to_dict": {"executed_lines": [], "summary": {"covered_lines": 0, "num_statements": 1, "percent_covered": 0.0, "percent_covered_display": "0", "missing_lines": 1, "excluded_lines": 0, "percent_statements_covered": 0.0, "percent_statements_covered_display": "0"}, "missing_lines": [18], "excluded_lines": []}, "": {"executed_lines": [1, 2, 3, 4, 6, 9, 10, 11, 13, 14, 16], "summary": {"covered_lines": 9, "num_statements": 9, "percent_covered": 100.0, "percent_covered_display": "100", "missing_lines": 0, "excluded_lines": 0, "percent_statements_covered": 100.0, "percent_statements_covered_display": "100"}, "missing_lines": [], "excluded_lines": []}}, "classes": {"BaseModel": {"executed_lines": [], "summary": {"covered_lines": 0, "num_statements": 1, "percent_covered": 0.0, "percent_covered_display": "0", "missing_lines": 1, "excluded_lines": 0, "percent_statements_covered": 0.0, "percent_statements_covered_display": "0"}, "missing_lines": [18], "excluded_lines": []}, "": {"executed_lines": [1, 2, 3, 4, 6, 9, 10, 11, 13, 14, 16], "summary": {"covered_lines": 9, "num_statements": 9, "percent_covered": 100.0, "percent_covered_display": "100", "missing_lines": 0, "excluded_lines": 0, "percent_statements_covered": 100.0, "percent_statements_covered_display": "100"}, "missing_lines": [], "excluded_lines": []}}}, "backend/database/init_db.py": {"executed_lines": [], "summary": {"covered_lines": 0, "num_statements": 8, "percent_covered": 0.0, "percent_covered_display": "0", "missing_lines": 8, "excluded_lines": 0, "percent_statements_covered": 0.0, "percent_statements_covered_display": "0"}, "missing_lines": [2, 3, 6, 8, 9, 10, 13, 14], "excluded_lines": [], "functions": {"create_tables": {"executed_lines": [], "summary": {"covered_lines": 0, "num_statements": 3, "percent_covered": 0.0, "percent_covered_display": "0", "missing_lines": 3, "excluded_lines": 0, "percent_statements_covered": 0.0, "percent_statements_covered_display": "0"}, "missing_lines": [8, 9, 10], "excluded_lines": []}, "": {"executed_lines": [], "summary": {"covered_lines": 0, "num_statements": 5, "percent_covered": 0.0, "percent_covered_display": "0", "missing_lines": 5, "excluded_lines": 0, "percent_statements_covered": 0.0, "percent_statements_covered_display": "0"}, "missing_lines": [2, 3, 6, 13, 14], "excluded_lines": []}}, "classes": {"": {"executed_lines": [], "summary": {"covered_lines": 0, "num_statements": 8, "percent_covered": 0.0, "percent_covered_display": "0", "missing_lines": 8, "excluded_lines": 0, "percent_statements_covered": 0.0, "percent_statements_covered_display": "0"}, "missing_lines": [2, 3, 6, 8, 9, 10, 13, 14], "excluded_lines": []}}}, "backend/middleware/__init__.py": {"executed_lines": [0], "summary": {"covered_lines": 0, "num_statements": 0, "percent_covered": 100.0, "percent_covered_display": "100", "missing_lines": 0, "excluded_lines": 0, "percent_statements_covered": 100.0, "percent_statements_covered_display": "100"}, "missing_lines": [], "excluded_lines": [], "functions": {"": {"executed_lines": [], "summary": {"covered_lines": 0, "num_statements": 0, "percent_covered": 100.0, "percent_covered_display": "100", "missing_lines": 0, "excluded_lines": 0, "percent_statements_covered": 100.0, "percent_statements_covered_display": "100"}, "missing_lines": [], "excluded_lines": []}}, "classes": {"": {"executed_lines": [], "summary": {"covered_lines": 0, "num_statements": 0, "percent_covered": 100.0, "percent_covered_display": "100", "missing_lines": 0, "excluded_lines": 0, "percent_statements_covered": 100.0, "percent_statements_covered_display": "100"}, "missing_lines": [], "excluded_lines": []}}}, "backend/middleware/auth_middleware.py": {"executed_lines": [1, 2, 3, 4, 5, 8, 10, 11, 12, 13, 15, 17, 18, 20, 21, 22, 25, 26, 27, 30, 31, 32, 33, 35, 38, 40, 42], "summary": {"covered_lines": 26, "num_statements": 26, "percent_covered": 100.0, "percent_covered_display": "100", "missing_lines": 0, "excluded_lines": 0, "percent_statements_covered": 100.0, "percent_statements_covered_display": "100"}, "missing_lines": [], "excluded_lines": [], "functions": {"require_auth": {"executed_lines": [10, 11, 42], "summary": {"covered_lines": 3, "num_statements": 3, "percent_covered": 100.0, "percent_covered_display": "100", "missing_lines": 0, "excluded_lines": 0, "percent_statements_covered": 100.0, "percent_statements_covered_display": "100"}, "missing_lines": [], "excluded_lines": []}, "require_auth.decorated_function": {"executed_lines": [12, 13, 15, 17, 18, 20, 21, 22, 25, 26, 27, 30, 31, 32, 33, 35, 38, 40], "summary": {"covered_lines": 18, "num_statements": 18, "percent_covered": 100.0, "percent_covered_display": "100", "missing_lines": 0, "excluded_lines": 0, "percent_statements_covered": 100.0, "percent_statements_covered_display": "100"}, "missing_lines": [], "excluded_lines": []}, "": {"executed_lines": [1, 2, 3, 4, 5, 8], "summary": {"covered_lines": 5, "num_statements": 5, "percent_covered": 100.0, "percent_covered_display": "100", "missing_lines": 0, "excluded_lines": 0, "percent_statements_covered": 100.0, "percent_statements_covered_display": "100"}, "missing_lines": [], "excluded_lines": []}}, "classes": {"": {"executed_lines": [1, 2, 3, 4, 5, 8, 10, 11, 12, 13, 15, 17, 18, 20, 21, 22, 25, 26, 27, 30, 31, 32, 33, 35, 38, 40, 42], "summary": {"covered_lines": 26, "num_statements": 26, "percent_covered": 100.0, "percent_covered_display": "100", "missing_lines": 0, "excluded_lines": 0, "percent_statements_covered": 100.0, "percent_statements_covered_display": "100"}, "missing_lines": [], "excluded_lines": []}}}, "backend/models/__init__.py": {"executed_lines": [1, 2, 3, 4, 5, 6, 8], "summary": {"covered_lines": 6, "num_statements": 6, "percent_covered": 100.0, "percent_covered_display": "100", "missing_lines": 0, "excluded_lines": 0, "percent_statements_covered": 100.0, "percent_statements_covered_display": "100"}, "missing_lines": [], "excluded_lines": [], "functions": {"": {"executed_lines": [1, 2, 3, 4, 5, 6, 8], "summary": {"covered_lines": 6, "num_statements": 6, "percent_covered": 100.0, "percent_covered_display": "100", "missing_lines": 0, "excluded_lines": 0, "percent_statements_covered": 100.0, "percent_statements_covered_display": "100"}, "missing_lines": [], "excluded_lines": []}}, "classes": {"": {"executed_lines": [1, 2, 3, 4, 5, 6, 8], "summary": {"covered_lines": 6, "num_statements": 6, "percent_covered": 100.0, "percent_covered_display": "100", "missing_lines": 0, "excluded_lines": 0, "percent_statements_covered": 100.0, "percent_statements_covered_display": "100"}, "missing_lines": [], "excluded_lines": []}}}, "backend/models/budget.py": {"executed_lines": [1, 2, 3, 4, 5, 7, 10, 11, 12, 14, 15, 16, 17, 18, 19, 20, 23, 26, 32, 33, 35, 37], "summary": {"covered_lines": 20, "num_statements": 20, "percent_covered": 100.0, "percent_covered_display": "100", "missing_lines": 0, "excluded_lines": 0, "percent_statements_covered": 100.0, "percent_statements_covered_display": "100"}, "missing_lines": [], "excluded_lines": [], "functions": {"Budget.__repr__": {"executed_lines": [33], "summary": {"covered_lines": 1, "num_statements": 1, "percent_covered": 100.0, "percent_covered_display": "100", "missing_lines": 0, "excluded_lines": 0, "percent_statements_covered": 100.0, "percent_statements_covered_display": "100"}, "missing_lines": [], "excluded_lines": []}, "Budget.to_dict": {"executed_lines": [37], "summary": {"covered_lines": 1, "num_statements": 1, "percent_covered": 100.0, "percent_covered_display": "100", "missing_lines": 0, "excluded_lines": 0, "percent_statements_covered": 100.0, "percent_statements_covered_display": "100"}, "missing_lines": [], "excluded_lines": []}, "": {"executed_lines": [1, 2, 3, 4, 5, 7, 10, 11, 12, 14, 15, 16, 17, 18, 19, 20, 23, 26, 32, 35], "summary": {"covered_lines": 18, "num_statements": 18, "percent_covered": 100.0, "percent_covered_display": "100", "missing_lines": 0, "excluded_lines": 0, "percent_statements_covered": 100.0, "percent_statements_covered_display": "100"}, "missing_lines": [], "excluded_lines": []}}, "classes": {"Budget": {"executed_lines": [33, 37], "summary": {"covered_lines": 2, "num_statements": 2, "percent_covered": 100.0, "percent_covered_display": "100", "missing_lines": 0, "excluded_lines": 0, "percent_statements_covered": 100.0, "percent_statements_covered_display": "100"}, "missing_lines": [], "excluded_lines": []}, "": {"executed_lines": [1, 2, 3, 4, 5, 7, 10, 11, 12, 14, 15, 16, 17, 18, 19, 20, 23, 26, 32, 35], "summary": {"covered_lines": 18, "num_statements": 18, "percent_covered": 100.0, "percent_covered_display": "100", "missing_lines": 0, "excluded_lines": 0, "percent_statements_covered": 100.0, "percent_statements_covered_display": "100"}, "missing_lines": [], "excluded_lines": []}}}, "backend/models/quote.py": {"executed_lines": [1, 2, 3, 4, 5, 7, 10, 11, 12, 14, 15, 16, 17, 18, 19, 20, 21, 24, 25, 28, 34, 35, 37, 39, 42, 45, 53], "summary": {"covered_lines": 25, "num_statements": 25, "percent_covered": 100.0, "percent_covered_display": "100", "missing_lines": 0, "excluded_lines": 0, "percent_statements_covered": 100.0, "percent_statements_covered_display": "100"}, "missing_lines": [], "excluded_lines": [], "functions": {"Quote.__repr__": {"executed_lines": [35], "summary": {"covered_lines": 1, "num_statements": 1, "percent_covered": 100.0, "percent_covered_display": "100", "missing_lines": 0, "excluded_lines": 0, "percent_statements_covered": 100.0, "percent_statements_covered_display": "100"}, "missing_lines": [], "excluded_lines": []}, "Quote.to_dict": {"executed_lines": [39, 42, 45, 53], "summary": {"covered_lines": 4, "num_statements": 4, "percent_covered": 100.0, "percent_covered_display": "100", "missing_lines": 0, "excluded_lines": 0, "percent_statements_covered": 100.0, "percent_statements_covered_display": "100"}, "missing_lines": [], "excluded_lines": []}, "": {"executed_lines": [1, 2, 3, 4, 5, 7, 10, 11, 12, 14, 15, 16, 17, 18, 19, 20, 21, 24, 25, 28, 34, 37], "summary": {"covered_lines": 20, "num_statements": 20, "percent_covered": 100.0, "percent_covered_display": "100", "missing_lines": 0, "excluded_lines": 0, "percent_statements_covered": 100.0, "percent_statements_covered_display": "100"}, "missing_lines": [], "excluded_lines": []}}, "classes": {"Quote": {"executed_lines": [35, 39, 42, 45, 53], "summary": {"covered_lines": 5, "num_statements": 5, "percent_covered": 100.0, "percent_covered_display": "100", "missing_lines": 0, "excluded_lines": 0, "percent_statements_covered": 100.0, "percent_statements_covered_display": "100"}, "missing_lines": [], "excluded_lines": []}, "": {"executed_lines": [1, 2, 3, 4, 5, 7, 10, 11, 12, 14, 15, 16, 17, 18, 19, 20, 21, 24, 25, 28, 34, 37], "summary": {"covered_lines": 20, "num_statements": 20, "percent_covered": 100.0, "percent_covered_display": "100", "missing_lines": 0, "excluded_lines": 0, "percent_statements_covered": 100.0, "percent_statements_covered_display": "100"}, "missing_lines": [], "excluded_lines": []}}}, "backend/models/quote_item.py": {"executed_lines": [1, 2, 3, 4, 5, 6, 8, 9, 12, 13, 14, 16, 17, 18, 19, 20, 21, 22, 23, 24, 25, 26, 29, 31, 32, 34, 36, 37, 38, 39, 41, 43, 45, 47, 48, 52, 54, 55, 57, 58, 59, 61, 63, 76, 77, 89, 90, 91, 94, 95, 98, 104, 110, 117, 123, 129, 130, 131, 136, 137, 139, 146, 159, 160, 162], "summary": {"covered_lines": 63, "num_statements": 65, "percent_covered": 96.92307692307692, "percent_covered_display": "97", "missing_lines": 2, "excluded_lines": 0, "percent_statements_covered": 96.92307692307692, "percent_statements_covered_display": "97"}, "missing_lines": [49, 50], "excluded_lines": [], "functions": {"QuoteItem.__repr__": {"executed_lines": [32], "summary": {"covered_lines": 1, "num_statements": 1, "percent_covered": 100.0, "percent_covered_display": "100", "missing_lines": 0, "excluded_lines": 0, "percent_statements_covered": 100.0, "percent_statements_covered_display": "100"}, "missing_lines": [], "excluded_lines": []}, "QuoteItem.get_resource_data": {"executed_lines": [36, 37, 38, 39], "summary": {"covered_lines": 4, "num_statements": 4, "percent_covered": 100.0, "percent_covered_display": "100", "missing_lines": 0, "excluded_lines": 0, "percent_statements_covered": 100.0, "percent_statements_covered_display": "100"}, "missing_lines": [], "excluded_lines": []}, "QuoteItem.set_resource_data": {"executed_lines": [43], "summary": {"covered_lines": 1, "num_statements": 1, "percent_covered": 100.0, "percent_covered_display": "100", "missing_lines": 0, "excluded_lines": 0, "percent_statements_covered": 100.0, "percent_statements_covered_display": "100"}, "missing_lines": [], "excluded_lines": []}, "QuoteItem.get_parameters": {"executed_lines": [47, 48], "summary": {"covered_lines": 2, "num_statements": 4, "percent_covered": 50.0, "percent_covered_display": "50", "missing_lines": 2, "excluded_lines": 0, "percent_statements_covered": 50.0, "percent_statements_covered_display": "50"}, "missing_lines": [49, 50], "excluded_lines": []}, "QuoteItem.set_parameters": {"executed_lines": [54, 55, 57, 58, 59], "summary": {"covered_lines": 5, "num_statements": 5, "percent_covered": 100.0, "percent_covered_display": "100", "missing_lines": 0, "excluded_lines": 0, "percent_statements_covered": 100.0, "percent_statements_covered_display": "100"}, "missing_lines": [], "excluded_lines": []}, "QuoteItem.to_dict": {"executed_lines": [63], "summary": {"covered_lines": 1, "num_statements": 1, "percent_covered": 100.0, "percent_covered_display": "100", "missing_lines": 0, "excluded_lines": 0, "percent_statements_covered": 100.0, "percent_statements_covered_display": "100"}, "missing_lines": [], "excluded_lines": []}, "QuoteItem.from_dict": {"executed_lines": [89, 90, 91, 94, 95, 98, 104, 110, 117, 123, 129, 130, 131, 136, 137, 139, 146, 159, 160, 162], "summary": {"covered_lines": 20, "num_statements": 20, "percent_covered": 100.0, "percent_covered_display": "100", "missing_lines": 0, "excluded_lines": 0, "percent_statements_covered": 100.0, "percent_statements_covered_display": "100"}, "missing_lines": [], "excluded_lines": []}, "": {"executed_lines": [1, 2, 3, 4, 5, 6, 8, 9, 12, 13, 14, 16, 17, 18, 19, 20, 21, 22, 23, 24, 25, 26, 29, 31, 34, 41, 45, 52, 61, 76, 77], "summary": {"covered_lines": 29, "num_statements": 29, "percent_covered": 100.0, "percent_covered_display": "100", "missing_lines": 0, "excluded_lines": 0, "percent_statements_covered": 100.0, "percent_statements_covered_display": "100"}, "missing_lines": [], "excluded_lines": []}}, "classes": {"QuoteItem": {"executed_lines": [32, 36, 37, 38, 39, 43, 47, 48, 54, 55, 57, 58, 59, 63, 89, 90, 91, 94, 95, 98, 104, 110, 117, 123, 129, 130, 131, 136, 137, 139, 146, 159, 160, 162], "summary": {"covered_lines": 34, "num_statements": 36, "percent_covered": 94.44444444444444, "percent_covered_display": "94", "missing_lines": 2, "excluded_lines": 0, "percent_statements_covered": 94.44444444444444, "percent_statements_covered_display": "94"}, "missing_lines": [49, 50], "excluded_lines": []}, "": {"executed_lines": [1, 2, 3, 4, 5, 6, 8, 9, 12, 13, 14, 16, 17, 18, 19, 20, 21, 22, 23, 24, 25, 26, 29, 31, 34, 41, 45, 52, 61, 76, 77], "summary": {"covered_lines": 29, "num_statements": 29, "percent_covered": 100.0, "percent_covered_display": "100", "missing_lines": 0, "excluded_lines": 0, "percent_statements_covered": 100.0, "percent_statements_covered_display": "100"}, "missing_lines": [], "excluded_lines": []}}}, "backend/models/session.py": {"executed_lines": [1, 2, 3, 4, 5, 6, 8, 9, 12, 13, 14, 16, 17, 18, 19, 20, 21, 22, 25, 27, 29, 30, 31, 33, 35, 36, 37, 39, 41, 43, 45, 54, 55], "summary": {"covered_lines": 31, "num_statements": 31, "percent_covered": 100.0, "percent_covered_display": "100", "missing_lines": 0, "excluded_lines": 0, "percent_statements_covered": 100.0, "percent_statements_covered_display": "100"}, "missing_lines": [], "excluded_lines": [], "functions": {"Session.__init__": {"executed_lines": [29, 30, 31], "summary": {"covered_lines": 3, "num_statements": 3, "percent_covered": 100.0, "percent_covered_display": "100", "missing_lines": 0, "excluded_lines": 0, "percent_statements_covered": 100.0, "percent_statements_covered_display": "100"}, "missing_lines": [], "excluded_lines": []}, "Session.update_activity": {"executed_lines": [35, 36, 37], "summary": {"covered_lines": 3, "num_statements": 3, "percent_covered": 100.0, "percent_covered_display": "100", "missing_lines": 0, "excluded_lines": 0, "percent_statements_covered": 100.0, "percent_statements_covered_display": "100"}, "missing_lines": [], "excluded_lines": []}, "Session.is_expired": {"executed_lines": [41], "summary": {"covered_lines": 1, "num_statements": 1, "percent_covered": 100.0, "percent_covered_display": "100", "missing_lines": 0, "excluded_lines": 0, "percent_statements_covered": 100.0, "percent_statements_covered_display": "100"}, "missing_lines": [], "excluded_lines": []}, "Session.to_dict": {"executed_lines": [45], "summary": {"covered_lines": 1, "num_statements": 1, "percent_covered": 100.0, "percent_covered_display": "100", "missing_lines": 0, "excluded_lines": 0, "percent_statements_covered": 100.0, "percent_statements_covered_display": "100"}, "missing_lines": [], "excluded_lines": []}, "Session.__repr__": {"executed_lines": [55], "summary": {"covered_lines": 1, "num_statements": 1, "percent_covered": 100.0, "percent_covered_display": "100", "missing_lines": 0, "excluded_lines": 0, "percent_statements_covered": 100.0, "percent_statements_covered_display": "100"}, "missing_lines": [], "excluded_lines": []}, "": {"executed_lines": [1, 2, 3, 4, 5, 6, 8, 9, 12, 13, 14, 16, 17, 18, 19, 20, 21, 22, 25, 27, 33, 39, 43, 54], "summary": {"covered_lines": 22, "num_statements": 22, "percent_covered": 100.0, "percent_covered_display": "100", "missing_lines": 0, "excluded_lines": 0, "percent_statements_covered": 100.0, "percent_statements_covered_display": "100"}, "missing_lines": [], "excluded_lines": []}}, "classes": {"Session": {"executed_lines": [29, 30, 31, 35, 36, 37, 41, 45, 55], "summary": {"covered_lines": 9, "num_statements": 9, "percent_covered": 100.0, "percent_covered_display": "100", "missing_lines": 0, "excluded_lines": 0, "percent_statements_covered": 100.0, "percent_statements_covered_display": "100"}, "missing_lines": [], "excluded_lines": []}, "": {"executed_lines": [1, 2, 3, 4, 5, 6, 8, 9, 12, 13, 14, 16, 17, 18, 19, 20, 21, 22, 25, 27, 33, 39, 43, 54], "summary": {"covered_lines": 22, "num_statements": 22, "percent_covered": 100.0, "percent_covered_display": "100", "missing_lines": 0, "excluded_lines": 0, "percent_statements_covered": 100.0, "percent_statements_covered_display": "100"}, "missing_lines": [], "excluded_lines": []}}}, "backend/models/user.py": {"executed_lines": [1, 2, 3, 4, 5, 7, 10, 11, 12, 14, 15, 16, 17, 18, 21, 22, 23, 25, 26, 28, 30], "summary": {"covered_lines": 19, "num_statements": 19, "percent_covered": 100.0, "percent_covered_display": "100", "missing_lines": 0, "excluded_lines": 0, "percent_statements_covered": 100.0, "percent_statements_covered_display": "100"}, "missing_lines": [], "excluded_lines": [], "functions": {"User.__repr__": {"executed_lines": [26], "summary": {"covered_lines": 1, "num_statements": 1, "percent_covered": 100.0, "percent_covered_display": "100", "missing_lines": 0, "excluded_lines": 0, "percent_statements_covered": 100.0, "percent_statements_covered_display": "100"}, "missing_lines": [], "excluded_lines": []}, "User.to_dict": {"executed_lines": [30], "summary": {"covered_lines": 1, "num_statements": 1, "percent_covered": 100.0, "percent_covered_display": "100", "missing_lines": 0, "excluded_lines": 0, "percent_statements_covered": 100.0, "percent_statements_covered_display": "100"}, "missing_lines": [], "excluded_lines": []}, "": {"executed_lines": [1, 2, 3, 4, 5, 7, 10, 11, 12, 14, 15, 16, 17, 18, 21, 22, 23, 25, 28], "summary": {"covered_lines": 17, "num_statements": 17, "percent_covered": 100.0, "percent_covered_display": "100", "missing_lines": 0, "excluded_lines": 0, "percent_statements_covered": 100.0, "percent_statements_covered_display": "100"}, "missing_lines": [], "excluded_lines": []}}, "classes": {"User": {"executed_lines": [26, 30], "summary": {"covered_lines": 2, "num_statements": 2, "percent_covered": 100.0, "percent_covered_display": "100", "missing_lines": 0, "excluded_lines": 0, "percent_statements_covered": 100.0, "percent_statements_covered_display": "100"}, "missing_lines": [], "excluded_lines": []}, "": {"executed_lines": [1, 2, 3, 4, 5, 7, 10, 11, 12, 14, 15, 16, 17, 18, 21, 22, 23, 25, 28], "summary": {"covered_lines": 17, "num_statements": 17, "percent_covered": 100.0, "percent_covered_display": "100", "missing_lines": 0, "excluded_lines": 0, "percent_statements_covered": 100.0, "percent_statements_covered_display": "100"}, "missing_lines": [], "excluded_lines": []}}}, "backend/services/__init__.py": {"executed_lines": [0], "summary": {"covered_lines": 0, "num_statements": 0, "percent_covered": 100.0, "percent_covered_display": "100", "missing_lines": 0, "excluded_lines": 0, "percent_statements_covered": 100.0, "percent_statements_covered_display": "100"}, "missing_lines": [], "excluded_lines": [], "functions": {"": {"executed_lines": [], "summary": {"covered_lines": 0, "num_statements": 0, "percent_covered": 100.0, "percent_covered_display": "100", "missing_lines": 0, "excluded_lines": 0, "percent_statements_covered": 100.0, "percent_statements_covered_display": "100"}, "missing_lines": [], "excluded_lines": []}}, "classes": {"": {"executed_lines": [], "summary": {"covered_lines": 0, "num_statements": 0, "percent_covered": 100.0, "percent_covered_display": "100", "missing_lines": 0, "excluded_lines": 0, "percent_statements_covered": 100.0, "percent_statements_covered_display": "100"}, "missing_lines": [], "excluded_lines": []}}}, "backend/services/budget_service.py": {"executed_lines": [1, 2, 3, 4, 6, 7, 8, 9, 15, 18, 44, 45, 48, 49, 52, 53, 54, 55, 56, 57, 58, 59, 60, 62, 63, 65, 66, 67, 70, 79, 80, 81, 83, 84, 85, 86, 87, 89, 92, 102, 103, 104, 105, 107, 110, 121, 122, 123, 127, 129, 132, 156, 157, 158, 163, 164, 167, 168, 169, 170, 171, 173, 174, 175, 177, 182, 188, 189, 190, 192, 193, 194, 195, 196, 198, 201, 212, 213, 214, 219, 220, 222, 223, 224, 230, 233, 248, 249, 250, 251, 253, 256, 259, 261, 264, 275, 276, 279, 280, 284, 285, 286, 287, 289, 292, 293, 294, 299, 300, 301, 302, 306, 307, 308, 311, 312, 313, 315, 318, 329, 330, 332, 335, 347, 348, 350, 351, 352, 355, 356, 357, 358, 360, 363, 365, 366, 369, 371, 374, 375, 377, 378, 379, 381, 383, 386, 387, 395, 396, 398, 401, 434, 437, 439, 440, 451, 452, 453, 454, 456, 457, 458, 459, 462, 465, 468, 470, 472, 482, 483, 487, 492, 498, 499, 500, 502, 503, 504, 505, 506, 509, 511, 513, 524, 525, 527], "summary": {"covered_lines": 185, "num_statements": 205, "percent_covered": 90.2439024390244, "percent_covered_display": "90", "missing_lines": 20, "excluded_lines": 0, "percent_statements_covered": 90.2439024390244, "percent_statements_covered_display": "90"}, "missing_lines": [172, 176, 178, 179, 180, 181, 183, 184, 185, 186, 225, 226, 227, 228, 281, 303, 372, 466, 494, 495], "excluded_lines": [], "functions": {"create_budget": {"executed_lines": [44, 45, 48, 49, 52, 53, 54, 55, 56, 57, 58, 59, 60, 62, 63, 65, 66, 67, 70, 79, 80, 81, 83, 84, 85, 86, 87, 89], "summary": {"covered_lines": 28, "num_statements": 28, "percent_covered": 100.0, "percent_covered_display": "100", "missing_lines": 0, "excluded_lines": 0, "percent_statements_covered": 100.0, "percent_statements_covered_display": "100"}, "missing_lines": [], "excluded_lines": []}, "get_budgets": {"executed_lines": [102, 103, 104, 105, 107], "summary": {"covered_lines": 5, "num_statements": 5, "percent_covered": 100.0, "percent_covered_display": "100", "missing_lines": 0, "excluded_lines": 0, "percent_statements_covered": 100.0, "percent_statements_covered_display": "100"}, "missing_lines": [], "excluded_lines": []}, "get_budget": {"executed_lines": [121, 122, 123, 127, 129], "summary": {"covered_lines": 5, "num_statements": 5, "percent_covered": 100.0, "percent_covered_display": "100", "missing_lines": 0, "excluded_lines": 0, "percent_statements_covered": 100.0, "percent_statements_covered_display": "100"}, "missing_lines": [], "excluded_lines": []}, "update_budget": {"executed_lines": [156, 157, 158, 163, 164, 167, 168, 169, 170, 171, 173, 174, 175, 177, 182, 188, 189, 190, 192, 193, 194, 195, 196, 198], "summary": {"covered_lines": 24, "num_statements": 34, "percent_covered": 70.58823529411765, "percent_covered_display": "71", "missing_lines": 10, "excluded_lines": 0, "percent_statements_covered": 70.58823529411765, "percent_statements_covered_display": "71"}, "missing_lines": [172, 176, 178, 179, 180, 181, 183, 184, 185, 186], "excluded_lines": []}, "delete_budget": {"executed_lines": [212, 213, 214, 219, 220, 222, 223, 224, 230], "summary": {"covered_lines": 9, "num_statements": 13, "percent_covered": 69.23076923076923, "percent_covered_display": "69", "missing_lines": 4, "excluded_lines": 0, "percent_statements_covered": 69.23076923076923, "percent_statements_covered_display": "69"}, "missing_lines": [225, 226, 227, 228], "excluded_lines": []}, "round_dates_to_budget_period": {"executed_lines": [248, 249, 250, 251, 253, 256, 259, 261], "summary": {"covered_lines": 8, "num_statements": 8, "percent_covered": 100.0, "percent_covered_display": "100", "missing_lines": 0, "excluded_lines": 0, "percent_statements_covered": 100.0, "percent_statements_covered_display": "100"}, "missing_lines": [], "excluded_lines": []}, "validate_period_boundaries": {"executed_lines": [275, 276, 279, 280, 284, 285, 286, 287, 289, 292, 293, 294, 299, 300, 301, 302, 306, 307, 308, 311, 312, 313, 315], "summary": {"covered_lines": 23, "num_statements": 25, "percent_covered": 92.0, "percent_covered_display": "92", "missing_lines": 2, "excluded_lines": 0, "percent_statements_covered": 92.0, "percent_statements_covered_display": "92"}, "missing_lines": [281, 303], "excluded_lines": []}, "align_periods_to_budget_boundaries": {"executed_lines": [329, 330, 332], "summary": {"covered_lines": 3, "num_statements": 3, "percent_covered": 100.0, "percent_covered_display": "100", "missing_lines": 0, "excluded_lines": 0, "percent_statements_covered": 100.0, "percent_statements_covered_display": "100"}, "missing_lines": [], "excluded_lines": []}, "get_budget_periods": {"executed_lines": [347, 348, 350, 351, 352, 355, 356, 357, 358, 360, 363, 365, 366, 369, 371, 374, 375, 377, 378, 379, 381, 383, 386, 387, 395, 396, 398], "summary": {"covered_lines": 27, "num_statements": 28, "percent_covered": 96.42857142857143, "percent_covered_display": "96", "missing_lines": 1, "excluded_lines": 0, "percent_statements_covered": 96.42857142857143, "percent_statements_covered_display": "96"}, "missing_lines": [372], "excluded_lines": []}, "calculate_budget_status": {"executed_lines": [434, 437, 439, 440, 451, 452, 453, 454, 456, 457, 458, 459, 462, 465, 468, 470, 472, 482, 483, 487, 492, 498, 499, 500, 502, 503, 504, 505, 506, 509, 511, 513, 524, 525, 527], "summary": {"covered_lines": 35, "num_statements": 38, "percent_covered": 92.10526315789474, "percent_covered_display": "92", "missing_lines": 3, "excluded_lines": 0, "percent_statements_covered": 92.10526315789474, "percent_statements_covered_display": "92"}, "missing_lines": [466, 494, 495], "excluded_lines": []}, "": {"executed_lines": [1, 2, 3, 4, 6, 7, 8, 9, 15, 18, 92, 110, 132, 201, 233, 264, 318, 335, 401], "summary": {"covered_lines": 18, "num_statements": 18, "percent_covered": 100.0, "percent_covered_display": "100", "missing_lines": 0, "excluded_lines": 0, "percent_statements_covered": 100.0, "percent_statements_covered_display": "100"}, "missing_lines": [], "excluded_lines": []}}, "classes": {"": {"executed_lines": [1, 2, 3, 4, 6, 7, 8, 9, 15, 18, 44, 45, 48, 49, 52, 53, 54, 55, 56, 57, 58, 59, 60, 62, 63, 65, 66, 67, 70, 79, 80, 81, 83, 84, 85, 86, 87, 89, 92, 102, 103, 104, 105, 107, 110, 121, 122, 123, 127, 129, 132, 156, 157, 158, 163, 164, 167, 168, 169, 170, 171, 173, 174, 175, 177, 182, 188, 189, 190, 192, 193, 194, 195, 196, 198, 201, 212, 213, 214, 219, 220, 222, 223, 224, 230, 233, 248, 249, 250, 251, 253, 256, 259, 261, 264, 275, 276, 279, 280, 284, 285, 286, 287, 289, 292, 293, 294, 299, 300, 301, 302, 306, 307, 308, 311, 312, 313, 315, 318, 329, 330, 332, 335, 347, 348, 350, 351, 352, 355, 356, 357, 358, 360, 363, 365, 366, 369, 371, 374, 375, 377, 378, 379, 381, 383, 386, 387, 395, 396, 398, 401, 434, 437, 439, 440, 451, 452, 453, 454, 456, 457, 458, 459, 462, 465, 468, 470, 472, 482, 483, 487, 492, 498, 499, 500, 502, 503, 504, 505, 506, 509, 511, 513, 524, 525, 527], "summary": {"covered_lines": 185, "num_statements": 205, "percent_covered": 90.2439024390244, "percent_covered_display": "90", "missing_lines": 20, "excluded_lines": 0, "percent_statements_covered": 90.2439024390244, "percent_statements_covered_display": "90"}, "missing_lines": [172, 176, 178, 179, 180, 181, 183, 184, 185, 186, 225, 226, 227, 228, 281, 303, 372, 466, 494, 495], "excluded_lines": []}}}, "backend/services/catalog_service.py": {"executed_lines": [1, 2, 3, 4, 5, 7, 10, 11, 13, 14, 15, 16, 18, 20, 21, 23, 24, 25, 28, 29, 30, 32, 34, 35, 37, 39, 40, 41, 43, 44, 46, 48, 52, 55, 66, 73, 74, 75, 77, 80, 95, 96, 98, 101, 103, 111, 114, 117, 118, 121, 122, 124, 125, 128, 129, 131, 139, 140, 141, 142, 145, 157, 158, 159, 160, 163, 166, 168, 171, 182, 184, 185, 187, 188], "summary": {"covered_lines": 72, "num_statements": 72, "percent_covered": 100.0, "percent_covered_display": "100", "missing_lines": 0, "excluded_lines": 0, "percent_statements_covered": 100.0, "percent_statements_covered_display": "100"}, "missing_lines": [], "excluded_lines": [], "functions": {"CatalogCache.__init__": {"executed_lines": [14, 15, 16], "summary": {"covered_lines": 3, "num_statements": 3, "percent_covered": 100.0, "percent_covered_display": "100", "missing_lines": 0, "excluded_lines": 0, "percent_statements_covered": 100.0, "percent_statements_covered_display": "100"}, "missing_lines": [], "excluded_lines": []}, "CatalogCache.get": {"executed_lines": [20, 21, 23, 24, 25, 28, 29, 30], "summary": {"covered_lines": 8, "num_statements": 8, "percent_covered": 100.0, "percent_covered_display": "100", "missing_lines": 0, "excluded_lines": 0, "percent_statements_covered": 100.0, "percent_statements_covered_display": "100"}, "missing_lines": [], "excluded_lines": []}, "CatalogCache.set": {"executed_lines": [34, 35], "summary": {"covered_lines": 2, "num_statements": 2, "percent_covered": 100.0, "percent_covered_display": "100", "missing_lines": 0, "excluded_lines": 0, "percent_statements_covered": 100.0, "percent_statements_covered_display": "100"}, "missing_lines": [], "excluded_lines": []}, "CatalogCache.invalidate": {"executed_lines": [39, 40, 41, 43, 44], "summary": {"covered_lines": 5, "num_statements": 5, "percent_covered": 100.0, "percent_covered_display": "100", "missing_lines": 0, "excluded_lines": 0, "percent_statements_covered": 100.0, "percent_statements_covered_display": "100"}, "missing_lines": [], "excluded_lines": []}, "CatalogCache.is_cached": {"executed_lines": [48], "summary": {"covered_lines": 1, "num_statements": 1, "percent_covered": 100.0, "percent_covered_display": "100", "missing_lines": 0, "excluded_lines": 0, "percent_statements_covered": 100.0,
[...]
red_display": "100", "missing_lines": 0, "excluded_lines": 0, "percent_statements_covered": 100.0, "percent_statements_covered_display": "100"}, "missing_lines": [], "excluded_lines": []}, "_sanitize_sensitive_data": {"executed_lines": [103, 104, 105, 107, 108, 109, 111, 112, 113, 114, 115, 117, 119, 120, 121, 122, 123, 124], "summary": {"covered_lines": 18, "num_statements": 18, "percent_covered": 100.0, "percent_covered_display": "100", "missing_lines": 0, "excluded_lines": 0, "percent_statements_covered": 100.0, "percent_statements_covered_display": "100"}, "missing_lines": [], "excluded_lines": []}, "_parse_sdk_log": {"executed_lines": [141, 142, 144, 150, 151, 152, 153, 156, 157, 158, 159, 160, 161, 162, 163, 164, 167, 168, 169, 170, 171, 172, 177, 178, 179, 182, 183, 193, 194, 195, 196, 197, 198, 203, 204, 206], "summary": {"covered_lines": 36, "num_statements": 47, "percent_covered": 76.59574468085107, "percent_covered_display": "77", "missing_lines": 11, "excluded_lines": 0, "percent_statements_covered": 76.59574468085107, "percent_statements_covered_display": "77"}, "missing_lines": [173, 174, 184, 185, 186, 187, 188, 189, 190, 199, 200], "excluded_lines": []}, "create_logged_gateway": {"executed_lines": [221, 227, 229, 230, 237], "summary": {"covered_lines": 5, "num_statements": 9, "percent_covered": 55.55555555555556, "percent_covered_display": "56", "missing_lines": 4, "excluded_lines": 0, "percent_statements_covered": 55.55555555555556, "percent_statements_covered_display": "56"}, "missing_lines": [231, 233, 234, 235], "excluded_lines": []}, "log_api_call": {"executed_lines": [249, 250, 252, 253, 256, 258, 260, 261, 264, 267, 273, 274, 280, 281, 285, 290, 292, 293], "summary": {"covered_lines": 18, "num_statements": 21, "percent_covered": 85.71428571428571, "percent_covered_display": "86", "missing_lines": 3, "excluded_lines": 0, "percent_statements_covered": 85.71428571428571, "percent_statements_covered_display": "86"}, "missing_lines": [254, 277, 282], "excluded_lines": []}, "process_and_log_api_call": {"executed_lines": [317, 320, 323, 325], "summary": {"covered_lines": 4, "num_statements": 4, "percent_covered": 100.0, "percent_covered_display": "100", "missing_lines": 0, "excluded_lines": 0, "percent_statements_covered": 100.0, "percent_statements_covered_display": "100"}, "missing_lines": [], "excluded_lines": []}, "": {"executed_lines": [1, 2, 3, 4, 5, 6, 7, 8, 9, 11, 13, 23, 24, 25, 26, 28, 29, 30, 31, 32, 33, 44, 47, 93, 127, 209, 240, 296], "summary": {"covered_lines": 27, "num_statements": 33, "percent_covered": 81.81818181818181, "percent_covered_display": "82", "missing_lines": 6, "excluded_lines": 0, "percent_statements_covered": 81.81818181818181, "percent_statements_covered_display": "82"}, "missing_lines": [34, 37, 38, 39, 40, 41], "excluded_lines": []}}, "classes": {"": {"executed_lines": [1, 2, 3, 4, 5, 6, 7, 8, 9, 11, 13, 23, 24, 25, 26, 28, 29, 30, 31, 32, 33, 44, 47, 51, 52, 54, 55, 58, 59, 62, 63, 66, 69, 75, 76, 82, 83, 84, 87, 89, 90, 93, 103, 104, 105, 107, 108, 109, 111, 112, 113, 114, 115, 117, 119, 120, 121, 122, 123, 124, 127, 141, 142, 144, 150, 151, 152, 153, 156, 157, 158, 159, 160, 161, 162, 163, 164, 167, 168, 169, 170, 171, 172, 177, 178, 179, 182, 183, 193, 194, 195, 196, 197, 198, 203, 204, 206, 209, 221, 227, 229, 230, 237, 240, 249, 250, 252, 253, 256, 258, 260, 261, 264, 267, 273, 274, 280, 281, 285, 290, 292, 293, 296, 317, 320, 323, 325], "summary": {"covered_lines": 126, "num_statements": 150, "percent_covered": 84.0, "percent_covered_display": "84", "missing_lines": 24, "excluded_lines": 0, "percent_statements_covered": 84.0, "percent_statements_covered_display": "84"}, "missing_lines": [34, 37, 38, 39, 40, 41, 173, 174, 184, 185, 186, 187, 188, 189, 190, 199, 200, 231, 233, 234, 235, 254, 277, 282], "excluded_lines": []}}}, "backend/utils/date_validators.py": {"executed_lines": [1, 2, 3, 4, 7, 17, 18, 19, 20, 21, 24, 36, 38, 39, 40, 41, 42, 43, 46, 48, 51, 72, 73, 75, 76, 78, 79, 80, 81, 82, 83, 86, 87, 90, 92, 93, 95, 96, 99, 100, 102], "summary": {"covered_lines": 40, "num_statements": 42, "percent_covered": 95.23809523809524, "percent_covered_display": "95", "missing_lines": 2, "excluded_lines": 0, "percent_statements_covered": 95.23809523809524, "percent_statements_covered_display": "95"}, "missing_lines": [104, 105], "excluded_lines": [], "functions": {"validate_date_format": {"executed_lines": [17, 18, 19, 20, 21], "summary": {"covered_lines": 5, "num_statements": 5, "percent_covered": 100.0, "percent_covered_display": "100", "missing_lines": 0, "excluded_lines": 0, "percent_statements_covered": 100.0, "percent_statements_covered_display": "100"}, "missing_lines": [], "excluded_lines": []}, "get_minimum_to_date": {"executed_lines": [36, 38, 39, 40, 41, 42, 43, 46, 48], "summary": {"covered_lines": 9, "num_statements": 9, "percent_covered": 100.0, "percent_covered_display": "100", "missing_lines": 0, "excluded_lines": 0, "percent_statements_covered": 100.0, "percent_statements_covered_display": "100"}, "missing_lines": [], "excluded_lines": []}, "validate_date_range": {"executed_lines": [72, 73, 75, 76, 78, 79, 80, 81, 82, 83, 86, 87, 90, 92, 93, 95, 96, 99, 100, 102], "summary": {"covered_lines": 20, "num_statements": 22, "percent_covered": 90.9090909090909, "percent_covered_display": "91", "missing_lines": 2, "excluded_lines": 0, "percent_statements_covered": 90.9090909090909, "percent_statements_covered_display": "91"}, "missing_lines": [104, 105], "excluded_lines": []}, "": {"executed_lines": [1, 2, 3, 4, 7, 24, 51], "summary": {"covered_lines": 6, "num_statements": 6, "percent_covered": 100.0, "percent_covered_display": "100", "missing_lines": 0, "excluded_lines": 0, "percent_statements_covered": 100.0, "percent_statements_covered_display": "100"}, "missing_lines": [], "excluded_lines": []}}, "classes": {"": {"executed_lines": [1, 2, 3, 4, 7, 17, 18, 19, 20, 21, 24, 36, 38, 39, 40, 41, 42, 43, 46, 48, 51, 72, 73, 75, 76, 78, 79, 80, 81, 82, 83, 86, 87, 90, 92, 93, 95, 96, 99, 100, 102], "summary": {"covered_lines": 40, "num_statements": 42, "percent_covered": 95.23809523809524, "percent_covered_display": "95", "missing_lines": 2, "excluded_lines": 0, "percent_statements_covered": 95.23809523809524, "percent_statements_covered_display": "95"}, "missing_lines": [104, 105], "excluded_lines": []}}}, "backend/utils/error_logger.py": {"executed_lines": [1, 2, 3, 4, 6, 8, 11, 18, 20, 21, 23, 24, 34, 35, 37, 38, 39, 40, 43, 44, 45, 46, 48, 49, 53, 54, 59, 60, 61, 62, 63, 64, 65, 66, 67, 68, 69, 70, 78, 81, 94, 96, 99, 106, 107, 116, 119, 120, 123, 124, 127, 132, 134, 135, 136, 145, 158, 159, 161, 166, 167, 169, 170, 172, 174, 175, 176, 177], "summary": {"covered_lines": 67, "num_statements": 77, "percent_covered": 87.01298701298701, "percent_covered_display": "87", "missing_lines": 10, "excluded_lines": 0, "percent_statements_covered": 87.01298701298701, "percent_statements_covered_display": "87"}, "missing_lines": [55, 56, 71, 72, 74, 76, 141, 142, 182, 183], "excluded_lines": [], "functions": {"get_request_context": {"executed_lines": [18, 20, 21, 23, 24, 34, 35, 37, 38, 39, 40, 43, 44, 45, 46, 48, 49, 53, 54, 59, 60, 61, 62, 63, 64, 65, 66, 67, 68, 69, 70, 78], "summary": {"covered_lines": 32, "num_statements": 38, "percent_covered": 84.21052631578948, "percent_covered_display": "84", "missing_lines": 6, "excluded_lines": 0, "percent_statements_covered": 84.21052631578948, "percent_statements_covered_display": "84"}, "missing_lines": [55, 56, 71, 72, 74, 76], "excluded_lines": []}, "log_exception": {"executed_lines": [94, 96, 99, 106, 107, 116, 119, 120, 123, 124, 127, 132, 134, 135, 136], "summary": {"covered_lines": 15, "num_statements": 17, "percent_covered": 88.23529411764706, "percent_covered_display": "88", "missing_lines": 2, "excluded_lines": 0, "percent_statements_covered": 88.23529411764706, "percent_statements_covered_display": "88"}, "missing_lines": [141, 142], "excluded_lines": []}, "log_error_message": {"executed_lines": [158, 159, 161, 166, 167, 169, 170, 172, 174, 175, 176, 177], "summary": {"covered_lines": 12, "num_statements": 14, "percent_covered": 85.71428571428571, "percent_covered_display": "86", "missing_lines": 2, "excluded_lines": 0, "percent_statements_covered": 85.71428571428571, "percent_statements_covered_display": "86"}, "missing_lines": [182, 183], "excluded_lines": []}, "": {"executed_lines": [1, 2, 3, 4, 6, 8, 11, 81, 145], "summary": {"covered_lines": 8, "num_statements": 8, "percent_covered": 100.0, "percent_covered_display": "100", "missing_lines": 0, "excluded_lines": 0, "percent_statements_covered": 100.0, "percent_statements_covered_display": "100"}, "missing_lines": [], "excluded_lines": []}}, "classes": {"": {"executed_lines": [1, 2, 3, 4, 6, 8, 11, 18, 20, 21, 23, 24, 34, 35, 37, 38, 39, 40, 43, 44, 45, 46, 48, 49, 53, 54, 59, 60, 61, 62, 63, 64, 65, 66, 67, 68, 69, 70, 78, 81, 94, 96, 99, 106, 107, 116, 119, 120, 123, 124, 127, 132, 134, 135, 136, 145, 158, 159, 161, 166, 167, 169, 170, 172, 174, 175, 176, 177], "summary": {"covered_lines": 67, "num_statements": 77, "percent_covered": 87.01298701298701, "percent_covered_display": "87", "missing_lines": 10, "excluded_lines": 0, "percent_statements_covered": 87.01298701298701, "percent_statements_covered_display": "87"}, "missing_lines": [55, 56, 71, 72, 74, 76, 141, 142, 182, 183], "excluded_lines": []}}}, "backend/utils/errors.py": {"executed_lines": [1, 2, 3, 6, 7, 11, 12, 13, 14, 15, 17, 19, 25, 28, 41, 48, 49, 51, 54, 66, 68, 69, 71], "summary": {"covered_lines": 21, "num_statements": 21, "percent_covered": 100.0, "percent_covered_display": "100", "missing_lines": 0, "excluded_lines": 0, "percent_statements_covered": 100.0, "percent_statements_covered_display": "100"}, "missing_lines": [], "excluded_lines": [], "functions": {"APIError.__init__": {"executed_lines": [12, 13, 14, 15], "summary": {"covered_lines": 4, "num_statements": 4, "percent_covered": 100.0, "percent_covered_display": "100", "missing_lines": 0, "excluded_lines": 0, "percent_statements_covered": 100.0, "percent_statements_covered_display": "100"}, "missing_lines": [], "excluded_lines": []}, "APIError.to_dict": {"executed_lines": [19, 25], "summary": {"covered_lines": 2, "num_statements": 2, "percent_covered": 100.0, "percent_covered_display": "100", "missing_lines": 0, "excluded_lines": 0, "percent_statements_covered": 100.0, "percent_statements_covered_display": "100"}, "missing_lines": [], "excluded_lines": []}, "error_response": {"executed_lines": [41, 48, 49, 51], "summary": {"covered_lines": 4, "num_statements": 4, "percent_covered": 100.0, "percent_covered_display": "100", "missing_lines": 0, "excluded_lines": 0, "percent_statements_covered": 100.0, "percent_statements_covered_display": "100"}, "missing_lines": [], "excluded_lines": []}, "success_response": {"executed_lines": [66, 68, 69, 71], "summary": {"covered_lines": 4, "num_statements": 4, "percent_covered": 100.0, "percent_covered_display": "100", "missing_lines": 0, "excluded_lines": 0, "percent_statements_covered": 100.0, "percent_statements_covered_display": "100"}, "missing_lines": [], "excluded_lines": []}, "": {"executed_lines": [1, 2, 3, 6, 7, 11, 17, 28, 54], "summary": {"covered_lines": 7, "num_statements": 7, "percent_covered": 100.0, "percent_covered_display": "100", "missing_lines": 0, "excluded_lines": 0, "percent_statements_covered": 100.0, "percent_statements_covered_display": "100"}, "missing_lines": [], "excluded_lines": []}}, "classes": {"APIError": {"executed_lines": [12, 13, 14, 15, 19, 25], "summary": {"covered_lines": 6, "num_statements": 6, "percent_covered": 100.0, "percent_covered_display": "100", "missing_lines": 0, "excluded_lines": 0, "percent_statements_covered": 100.0, "percent_statements_covered_display": "100"}, "missing_lines": [], "excluded_lines": []}, "": {"executed_lines": [1, 2, 3, 6, 7, 11, 17, 28, 41, 48, 49, 51, 54, 66, 68, 69, 71], "summary": {"covered_lines": 15, "num_statements": 15, "percent_covered": 100.0, "percent_covered_display": "100", "missing_lines": 0, "excluded_lines": 0, "percent_statements_covered": 100.0, "percent_statements_covered_display": "100"}, "missing_lines": [], "excluded_lines": []}}}, "backend/utils/logger.py": {"executed_lines": [1, 2, 3, 4, 5, 6, 8, 18, 24, 25, 28, 31, 37, 38, 41, 44, 45, 51, 52, 53, 56, 57, 63, 64, 65, 68, 69, 70, 71, 74, 75, 77, 80, 90, 91, 92], "summary": {"covered_lines": 35, "num_statements": 35, "percent_covered": 100.0, "percent_covered_display": "100", "missing_lines": 0, "excluded_lines": 0, "percent_statements_covered": 100.0, "percent_statements_covered_display": "100"}, "missing_lines": [], "excluded_lines": [], "functions": {"setup_logging": {"executed_lines": [24, 25, 28, 31, 37, 38, 41, 44, 45, 51, 52, 53, 56, 57, 63, 64, 65, 68, 69, 70, 71, 74, 75, 77], "summary": {"covered_lines": 24, "num_statements": 24, "percent_covered": 100.0, "percent_covered_display": "100", "missing_lines": 0, "excluded_lines": 0, "percent_statements_covered": 100.0, "percent_statements_covered_display": "100"}, "missing_lines": [], "excluded_lines": []}, "get_logger": {"executed_lines": [90, 91, 92], "summary": {"covered_lines": 3, "num_statements": 3, "percent_covered": 100.0, "percent_covered_display": "100", "missing_lines": 0, "excluded_lines": 0, "percent_statements_covered": 100.0, "percent_statements_covered_display": "100"}, "missing_lines": [], "excluded_lines": []}, "": {"executed_lines": [1, 2, 3, 4, 5, 6, 8, 18, 80], "summary": {"covered_lines": 8, "num_statements": 8, "percent_covered": 100.0, "percent_covered_display": "100", "missing_lines": 0, "excluded_lines": 0, "percent_statements_covered": 100.0, "percent_statements_covered_display": "100"}, "missing_lines": [], "excluded_lines": []}}, "classes": {"": {"executed_lines": [1, 2, 3, 4, 5, 6, 8, 18, 24, 25, 28, 31, 37, 38, 41, 44, 45, 51, 52, 53, 56, 57, 63, 64, 65, 68, 69, 70, 71, 74, 75, 77, 80, 90, 91, 92], "summary": {"covered_lines": 35, "num_statements": 35, "percent_covered": 100.0, "percent_covered_display": "100", "missing_lines": 0, "excluded_lines": 0, "percent_statements_covered": 100.0, "percent_statements_covered_display": "100"}, "missing_lines": [], "excluded_lines": []}}}, "backend/utils/session_helpers.py": {"executed_lines": [1, 2, 3, 4, 7, 14, 15, 16, 19, 20, 22, 25, 32, 33, 34, 37, 38, 39, 40, 41, 42, 43, 44, 46, 48], "summary": {"covered_lines": 24, "num_statements": 24, "percent_covered": 100.0, "percent_covered_display": "100", "missing_lines": 0, "excluded_lines": 0, "percent_statements_covered": 100.0, "percent_statements_covered_display": "100"}, "missing_lines": [], "excluded_lines": [], "functions": {"get_user_id_from_session": {"executed_lines": [14, 15, 16, 19, 20, 22], "summary": {"covered_lines": 6, "num_statements": 6, "percent_covered": 100.0, "percent_covered_display": "100", "missing_lines": 0, "excluded_lines": 0, "percent_statements_covered": 100.0, "percent_statements_covered_display": "100"}, "missing_lines": [], "excluded_lines": []}, "get_account_id_from_session": {"executed_lines": [32, 33, 34, 37, 38, 39, 40, 41, 42, 43, 44, 46, 48], "summary": {"covered_lines": 13, "num_statements": 13, "percent_covered": 100.0, "percent_covered_display": "100", "missing_lines": 0, "excluded_lines": 0, "percent_statements_covered": 100.0, "percent_statements_covered_display": "100"}, "missing_lines": [], "excluded_lines": []}, "": {"executed_lines": [1, 2, 3, 4, 7, 25], "summary": {"covered_lines": 5, "num_statements": 5, "percent_covered": 100.0, "percent_covered_display": "100", "missing_lines": 0, "excluded_lines": 0, "percent_statements_covered": 100.0, "percent_statements_covered_display": "100"}, "missing_lines": [], "excluded_lines": []}}, "classes": {"": {"executed_lines": [1, 2, 3, 4, 7, 14, 15, 16, 19, 20, 22, 25, 32, 33, 34, 37, 38, 39, 40, 41, 42, 43, 44, 46, 48], "summary": {"covered_lines": 24, "num_statements": 24, "percent_covered": 100.0, "percent_covered_display": "100", "missing_lines": 0, "excluded_lines": 0, "percent_statements_covered": 100.0, "percent_statements_covered_display": "100"}, "missing_lines": [], "excluded_lines": []}}}, "backend/utils/validators.py": {"executed_lines": [1, 2, 3, 4, 5, 8, 18, 19, 20, 21, 22, 23, 24, 27, 39, 40, 43, 46, 47, 50, 51, 53, 56, 69, 70, 72, 73, 76, 77, 80, 81, 83, 84, 86, 87, 88, 91, 102, 103, 105, 107, 108, 109, 112, 115, 125, 128, 138], "summary": {"covered_lines": 47, "num_statements": 47, "percent_covered": 100.0, "percent_covered_display": "100", "missing_lines": 0, "excluded_lines": 0, "percent_statements_covered": 100.0, "percent_statements_covered_display": "100"}, "missing_lines": [], "excluded_lines": [], "functions": {"validate_uuid": {"executed_lines": [18, 19, 20, 21, 22, 23, 24], "summary": {"covered_lines": 7, "num_statements": 7, "percent_covered": 100.0, "percent_covered_display": "100", "missing_lines": 0, "excluded_lines": 0, "percent_statements_covered": 100.0, "percent_statements_covered_display": "100"}, "missing_lines": [], "excluded_lines": []}, "sanitize_string": {"executed_lines": [39, 40, 43, 46, 47, 50, 51, 53], "summary": {"covered_lines": 8, "num_statements": 8, "percent_covered": 100.0, "percent_covered_display": "100", "missing_lines": 0, "excluded_lines": 0, "percent_statements_covered": 100.0, "percent_statements_covered_display": "100"}, "missing_lines": [], "excluded_lines": []}, "sanitize_float": {"executed_lines": [69, 70, 72, 73, 76, 77, 80, 81, 83, 84, 86, 87, 88], "summary": {"covered_lines": 13, "num_statements": 13, "percent_covered": 100.0, "percent_covered_display": "100", "missing_lines": 0, "excluded_lines": 0, "percent_statements_covered": 100.0, "percent_statements_covered_display": "100"}, "missing_lines": [], "excluded_lines": []}, "sanitize_json": {"executed_lines": [102, 103, 105, 107, 108, 109, 112], "summary": {"covered_lines": 7, "num_statements": 7, "percent_covered": 100.0, "percent_covered_display": "100", "missing_lines": 0, "excluded_lines": 0, "percent_statements_covered": 100.0, "percent_statements_covered_display": "100"}, "missing_lines": [], "excluded_lines": []}, "validate_status": {"executed_lines": [125], "summary": {"covered_lines": 1, "num_statements": 1, "percent_covered": 100.0, "percent_covered_display": "100", "missing_lines": 0, "excluded_lines": 0, "percent_statements_covered": 100.0, "percent_statements_covered_display": "100"}, "missing_lines": [], "excluded_lines": []}, "validate_discount_percent": {"executed_lines": [138], "summary": {"covered_lines": 1, "num_statements": 1, "percent_covered": 100.0, "percent_covered_display": "100", "missing_lines": 0, "excluded_lines": 0, "percent_statements_covered": 100.0, "percent_statements_covered_display": "100"}, "missing_lines": [], "excluded_lines": []}, "": {"executed_lines": [1, 2, 3, 4, 5, 8, 27, 56, 91, 115, 128], "summary": {"covered_lines": 10, "num_statements": 10, "percent_covered": 100.0, "percent_covered_display": "100", "missing_lines": 0, "excluded_lines": 0, "percent_statements_covered": 100.0, "percent_statements_covered_display": "100"}, "missing_lines": [], "excluded_lines": []}}, "classes": {"": {"executed_lines": [1, 2, 3, 4, 5, 8, 18, 19, 20, 21, 22, 23, 24, 27, 39, 40, 43, 46, 47, 50, 51, 53, 56, 69, 70, 72, 73, 76, 77, 80, 81, 83, 84, 86, 87, 88, 91, 102, 103, 105, 107, 108, 109, 112, 115, 125, 128, 138], "summary": {"covered_lines": 47, "num_statements": 47, "percent_covered": 100.0, "percent_covered_display": "100", "missing_lines": 0, "excluded_lines": 0, "percent_statements_covered": 100.0, "percent_statements_covered_display": "100"}, "missing_lines": [], "excluded_lines": []}}}}, "totals": {"covered_lines": 2399, "num_statements": 3274, "percent_covered": 73.27428222357972, "percent_covered_display": "73", "missing_lines": 875, "excluded_lines": 0, "percent_statements_covered": 73.27428222357972, "percent_statements_covered_display": "73"}}